Trial 71 finished with value: 0.6741200760717272 and parameters: {'C': 2, 'gamma': 0.0006000000000000001}. Best is trial 16 with value: 0.7092134530597741.
ACC_train: 0.6149602026049205, FPR_train: 0.3683168316831683, Pre_train: 0.6165667166416792, MCC_train: 0.22989221029089438, roc_auc_train: 0.667385076537103, prc_auc_train: 0.6634624107570238, TN_train: 7018, FP_train: 4092, FN_train: 4422, TP_train: 6580
ACC: 0.6184186719739461, FPR: 0.3521594684385382, Pre: 0.6354604508979748, MCC: 0.23826413150500822, roc_auc: 0.6722908104598896, prc_auc: 0.677204622691122, TN: 1755, FP: 954, FN: 1155, TP: 1663
Trial 72 finished with value: 0.677204622691122 and parameters: {'C': 15, 'gamma': 0.0001}. Best is trial 16 with value: 0.7092134530597741.
ACC_train: 0.6465267727930536, FPR_train: 0.34725472547254727, Pre_train: 0.6461199779856907, MCC_train: 0.2930174344454423, roc_auc_train: 0.7058619445838421, prc_auc_train: 0.694269591702529, TN_train: 7252, FP_train: 3858, FN_train: 3958, TP_train: 7044
ACC: 0.6390446897050841, FPR: 0.35105204872646734, Pre: 0.6510091743119266, MCC: 0.27844530098395454, roc_auc: 0.7018315653130053, prc_auc: 0.7007876134939344, TN: 1758, FP: 951, FN: 1044, TP: 1774
Trial 73 finished with value: 0.7007876134939344 and parameters: {'C': 17, 'gamma': 0.0008}. Best is trial 16 with value: 0.7092134530597741.
ACC_train: 0.639517004341534, FPR_train: 0.3558055805580558, Pre_train: 0.638566334461004, MCC_train: 0.2790009272415539, roc_auc_train: 0.6990503035942568, prc_auc_train: 0.6889191430170791, TN_train: 7157, FP_train: 3953, FN_train: 4018, TP_train: 6984
ACC: 0.6328930703817622, FPR: 0.35437430786268, Pre: 0.64562569213732, MCC: 0.266278637488633, roc_auc: 0.6965335300332907, prc_auc: 0.6964549040897837, TN: 1749, FP: 960, FN: 1069, TP: 1749
Trial 74 finished with value: 0.6964549040897837 and parameters: {'C': 19, 'gamma': 0.0005}. Best is trial 16 with value: 0.7092134530597741.
ACC_train: 0.6406476121562952, FPR_train: 0.35445544554455444, Pre_train: 0.6397731430662276, MCC_train: 0.2812614898407232, roc_auc_train: 0.7002523066340447, prc_auc_train: 0.6902348352169501, TN_train: 7172, FP_train: 3938, FN_train: 4008, TP_train: 6994
ACC: 0.6339786502623485, FPR: 0.3536360280546327, Pre: 0.6466248616746588, MCC: 0.26843260130361507, roc_auc: 0.6974908311044776, prc_auc: 0.6976502449909427, TN: 1751, FP: 958, FN: 1065, TP: 1753
Trial 75 finished with value: 0.6976502449909427 and parameters: {'C': 9, 'gamma': 0.001}. Best is trial 16 with value: 0.7092134530597741.
ACC_train: 0.642230463096961, FPR_train: 0.3546354635463546, Pre_train: 0.6408713882052685, MCC_train: 0.2844351744653277, roc_auc_train: 0.7012282481656638, prc_auc_train: 0.6902989356835488, TN_train: 7170, FP_train: 3940, FN_train: 3971, TP_train: 7031
ACC: 0.6370544599240094, FPR: 0.35252860834256183, Pre: 0.6491550330639236, MCC: 0.2744894100347678, roc_auc: 0.698049649710072, prc_auc: 0.6974677990246478, TN: 1754, FP: 955, FN: 1051, TP: 1767
Trial 76 finished with value: 0.6974677990246478 and parameters: {'C': 22, 'gamma': 0.0005}. Best is trial 16 with value: 0.7092134530597741.
ACC_train: 0.6321454413892909, FPR_train: 0.3617461746174617, Pre_train: 0.6314872547221713, MCC_train: 0.2642520904890928, roc_auc_train: 0.6894881275984353, prc_auc_train: 0.6816495014182129, TN_train: 7091, FP_train: 4019, FN_train: 4115, TP_train: 6887
ACC: 0.6240275013569748, FPR: 0.36028054632705797, Pre: 0.637444279346211, MCC: 0.2486968592485594, roc_auc: 0.689367395331546, prc_auc: 0.690678676826941, TN: 1733, FP: 976, FN: 1102, TP: 1716
Trial 77 finished with value: 0.690678676826941 and parameters: {'C': 7, 'gamma': 0.0007000000000000001}. Best is trial 16 with value: 0.7092134530597741.
ACC_train: 0.6297485528219972, FPR_train: 0.36336633663366336, Pre_train: 0.6292588851134172, MCC_train: 0.25945602446834665, roc_auc_train: 0.6869568637467274, prc_auc_train: 0.679524955369117, TN_train: 7073, FP_train: 4037, FN_train: 4150, TP_train: 6852
ACC: 0.6231228514564864, FPR: 0.36028054632705797, Pre: 0.6367696315593598, MCC: 0.2469342742181912, roc_auc: 0.6878477388281472, prc_auc: 0.6894213882125633, TN: 1733, FP: 976, FN: 1107, TP: 1711
Trial 78 finished with value: 0.6894213882125633 and parameters: {'C': 6, 'gamma': 0.0007000000000000001}. Best is trial 16 with value: 0.7092134530597741.
ACC_train: 0.6389743125904487, FPR_train: 0.354995499549955, Pre_train: 0.638397359493903, MCC_train: 0.2779113548452789, roc_auc_train: 0.6956946335426126, prc_auc_train: 0.6863513893040099, TN_train: 7166, FP_train: 3944, FN_train: 4039, TP_train: 6963
ACC: 0.6312647005608829, FPR: 0.3580657069029162, Pre: 0.6433823529411765, MCC: 0.2629235368497046, roc_auc: 0.6940327316274302, prc_auc: 0.6948067703245097, TN: 1739, FP: 970, FN: 1068, TP: 1750
Trial 79 finished with value: 0.6948067703245097 and parameters: {'C': 15, 'gamma': 0.0005}. Best is trial 16 with value: 0.7092134530597741.
ACC_train: 0.6446725759768451, FPR_train: 0.35094509450945094, Pre_train: 0.6436991684181669, MCC_train: 0.28931379412998454, roc_auc_train: 0.7040816938447163, prc_auc_train: 0.6931135208745003, TN_train: 7211, FP_train: 3899, FN_train: 3958, TP_train: 7044
ACC: 0.6381400398045957, FPR: 0.35105204872646734, Pre: 0.6503676470588236, MCC: 0.27667859435270514, roc_auc: 0.7003113848352926, prc_auc: 0.69966869011115, TN: 1758, FP: 951, FN: 1049, TP: 1769
Trial 80 finished with value: 0.69966869011115 and parameters: {'C': 13, 'gamma': 0.0009000000000000001}. Best is trial 16 with value: 0.7092134530597741.
ACC_train: 0.6267637481910275, FPR_train: 0.3629162916291629, Pre_train: 0.6271155091094054, MCC_train: 0.2534844023691937, roc_auc_train: 0.6820164928690651, prc_auc_train: 0.6751289877936175, TN_train: 7078, FP_train: 4032, FN_train: 4221, TP_train: 6781
ACC: 0.6205898317351185, FPR: 0.3610188261351052, Pre: 0.634665670526709, MCC: 0.2419625547265111, roc_auc: 0.6841540474002883, prc_auc: 0.6861342536768497, TN: 1731, FP: 978, FN: 1119, TP: 1699
Trial 81 finished with value: 0.6861342536768497 and parameters: {'C': 11, 'gamma': 0.00030000000000000003}. Best is trial 16 with value: 0.7092134530597741.
ACC_train: 0.6187138205499276, FPR_train: 0.3666966696669667, Pre_train: 0.6199272320179121, MCC_train: 0.23739190073457023, roc_auc_train: 0.6727541191675975, prc_auc_train: 0.6677731442219729, TN_train: 7036, FP_train: 4074, FN_train: 4357, TP_train: 6645
ACC: 0.6185996019540437, FPR: 0.3547434477667036, Pre: 0.6348784194528876, MCC: 0.23845407814373973, roc_auc: 0.6768331437856254, prc_auc: 0.680370297843627, TN: 1748, FP: 961, FN: 1147, TP: 1671
Trial 82 finished with value: 0.680370297843627 and parameters: {'C': 10, 'gamma': 0.0002}. Best is trial 16 with value: 0.7092134530597741.
ACC_train: 0.6457579594790159, FPR_train: 0.34842484248424843, Pre_train: 0.6452204197598753, MCC_train: 0.29148040759718796, roc_auc_train: 0.7050240149446685, prc_auc_train: 0.6934797371154902, TN_train: 7239, FP_train: 3871, FN_train: 3962, TP_train: 7040
ACC: 0.6381400398045957, FPR: 0.35105204872646734, Pre: 0.6503676470588236, MCC: 0.27667859435270514, roc_auc: 0.7011333695399584, prc_auc: 0.7000694520835732, TN: 1758, FP: 951, FN: 1049, TP: 1769
Trial 83 finished with value: 0.7000694520835732 and parameters: {'C': 19, 'gamma': 0.0007000000000000001}. Best is trial 16 with value: 0.7092134530597741.
ACC_train: 0.640918958031838, FPR_train: 0.35634563456345636, Pre_train: 0.6394353369763206, MCC_train: 0.28181436119620396, roc_auc_train: 0.7005249720572858, prc_auc_train: 0.690001493866727, TN_train: 7151, FP_train: 3959, FN_train: 3981, TP_train: 7021
ACC: 0.6361498100235209, FPR: 0.35289774824658543, Pre: 0.6484001471129092, MCC: 0.2727055774072984, roc_auc: 0.697455855819036, prc_auc: 0.6971064643256271, TN: 1753, FP: 956, FN: 1055, TP: 1763
Trial 84 finished with value: 0.6971064643256271 and parameters: {'C': 17, 'gamma': 0.0006000000000000001}. Best is trial 16 with value: 0.7092134530597741.
ACC_train: 0.6173118668596237, FPR_train: 0.36696669666966697, Pre_train: 0.6187581821582195, MCC_train: 0.23459239198572, roc_auc_train: 0.6717307515154352, prc_auc_train: 0.6669789367086405, TN_train: 7033, FP_train: 4077, FN_train: 4385, TP_train: 6617
ACC: 0.6189614619142392, FPR: 0.3536360280546327, Pre: 0.6354642313546424, MCC: 0.2392241090838266, roc_auc: 0.6759104250191447, prc_auc: 0.6796299623199646, TN: 1751, FP: 958, FN: 1148, TP: 1670
Trial 85 finished with value: 0.6796299623199646 and parameters: {'C': 19, 'gamma': 0.0001}. Best is trial 16 with value: 0.7092134530597741.
ACC_train: 0.6047395079594791, FPR_train: 0.3695769576957696, Pre_train: 0.6079816688944052, MCC_train: 0.20951489372702117, roc_auc_train: 0.6507235530860849, prc_auc_train: 0.6502571428942955, TN_train: 7004, FP_train: 4106, FN_train: 4634, TP_train: 6368
ACC: 0.607562873168084, FPR: 0.357327427094869, Pre: 0.625531914893617, MCC: 0.21689461249361489, roc_auc: 0.6568741107173445, prc_auc: 0.6661858392358019, TN: 1741, FP: 968, FN: 1201, TP: 1617
Trial 86 finished with value: 0.6661858392358019 and parameters: {'C': 1, 'gamma': 0.0006000000000000001}. Best is trial 16 with value: 0.7092134530597741.
ACC_train: 0.6392004341534009, FPR_train: 0.35652565256525653, Pre_train: 0.6381326511967842, MCC_train: 0.2783693718085723, roc_auc_train: 0.6969164717780632, prc_auc_train: 0.6868844670642651, TN_train: 7149, FP_train: 3961, FN_train: 4017, TP_train: 6985
ACC: 0.6319884204812738, FPR: 0.35437430786268, Pre: 0.6449704142011834, MCC: 0.26451420480683974, roc_auc: 0.6949352773828321, prc_auc: 0.6947564701329412, TN: 1749, FP: 960, FN: 1074, TP: 1744
Trial 87 finished with value: 0.6947564701329412 and parameters: {'C': 29, 'gamma': 0.00030000000000000003}. Best is trial 16 with value: 0.7092134530597741.
ACC_train: 0.6205227930535456, FPR_train: 0.36462646264626464, Pre_train: 0.6218612900214693, MCC_train: 0.2410129449917925, roc_auc_train: 0.6751004726904248, prc_auc_train: 0.6696547036402718, TN_train: 7059, FP_train: 4051, FN_train: 4340, TP_train: 6662
ACC: 0.6195042518545323, FPR: 0.3532668881506091, Pre: 0.6359832635983264, MCC: 0.24029980329187325, roc_auc: 0.6786405276840519, prc_auc: 0.6820197447714088, TN: 1752, FP: 957, FN: 1146, TP: 1672
Trial 88 finished with value: 0.6820197447714088 and parameters: {'C': 23, 'gamma': 0.0001}. Best is trial 16 with value: 0.7092134530597741.
ACC_train: 0.6495568017366136, FPR_train: 0.3450945094509451, Pre_train: 0.6489332478710741, MCC_train: 0.2990798283646642, roc_auc_train: 0.7083184000094247, prc_auc_train: 0.6964365044890745, TN_train: 7276, FP_train: 3834, FN_train: 3915, TP_train: 7087
ACC: 0.6413967794463543, FPR: 0.35142118863049093, Pre: 0.6525547445255474, MCC: 0.28302653956163815, roc_auc: 0.7039501244569989, prc_auc: 0.7026184112521915, TN: 1757, FP: 952, FN: 1030, TP: 1788
Trial 89 finished with value: 0.7026184112521915 and parameters: {'C': 20, 'gamma': 0.0008}. Best is trial 16 with value: 0.7092134530597741.
ACC_train: 0.615321997105644, FPR_train: 0.368046804680468, Pre_train: 0.616919617762788, MCC_train: 0.23061568193499613, roc_auc_train: 0.6688383922013361, prc_auc_train: 0.6647381934638877, TN_train: 7021, FP_train: 4089, FN_train: 4417, TP_train: 6585
ACC: 0.6191423918943368, FPR: 0.35142118863049093, Pre: 0.6362246847535346, MCC: 0.23971389148654412, roc_auc: 0.6734782017515938, prc_auc: 0.6781365505476944, TN: 1757, FP: 952, FN: 1153, TP: 1665
Trial 90 finished with value: 0.6781365505476944 and parameters: {'C': 4, 'gamma': 0.0004}. Best is trial 16 with value: 0.7092134530597741.
ACC_train: 0.6431349493487699, FPR_train: 0.354005400540054, Pre_train: 0.6417053839846952, MCC_train: 0.2862457205370787, roc_auc_train: 0.7034813447714523, prc_auc_train: 0.6927127601825791, TN_train: 7177, FP_train: 3933, FN_train: 3958, TP_train: 7044
ACC: 0.636692599963814, FPR: 0.35252860834256183, Pre: 0.6488970588235294, MCC: 0.2737827927731261, roc_auc: 0.6997577404760464, prc_auc: 0.6993709497502804, TN: 1754, FP: 955, FN: 1053, TP: 1765
Trial 91 finished with value: 0.6993709497502804 and parameters: {'C': 11, 'gamma': 0.001}. Best is trial 16 with value: 0.7092134530597741.
ACC_train: 0.6413259768451519, FPR_train: 0.3561656165616562, Pre_train: 0.639781520254893, MCC_train: 0.2826297869371413, roc_auc_train: 0.700482814596675, prc_auc_train: 0.6896285644157987, TN_train: 7153, FP_train: 3957, FN_train: 3974, TP_train: 7028
ACC: 0.6357879500633254, FPR: 0.3547434477667036, Pre: 0.6475980931426476, MCC: 0.27191297457577207, roc_auc: 0.6974572967483987, prc_auc: 0.69695990616224, TN: 1748, FP: 961, FN: 1052, TP: 1766
Trial 92 finished with value: 0.69695990616224 and parameters: {'C': 27, 'gamma': 0.0004}. Best is trial 16 with value: 0.7092134530597741.
ACC_train: 0.6509587554269175, FPR_train: 0.34293429342934295, Pre_train: 0.6505869405722671, MCC_train: 0.30188249323882765, roc_auc_train: 0.7097527190457639, prc_auc_train: 0.6976706344463192, TN_train: 7300, FP_train: 3810, FN_train: 3908, TP_train: 7094
ACC: 0.6428442192871359, FPR: 0.3477297895902547, Pre: 0.6546920821114369, MCC: 0.2860210026897949, roc_auc: 0.7050029198468633, prc_auc: 0.7034621421957472, TN: 1767, FP: 942, FN: 1032, TP: 1786
Trial 93 finished with value: 0.7034621421957472 and parameters: {'C': 22, 'gamma': 0.0008}. Best is trial 16 with value: 0.7092134530597741.
ACC_train: 0.6386577424023154, FPR_train: 0.3546354635463546, Pre_train: 0.638266617701065, MCC_train: 0.27727684821957715, roc_auc_train: 0.6961015638920737, prc_auc_train: 0.6869772614695633, TN_train: 7170, FP_train: 3940, FN_train: 4050, TP_train: 6952
ACC: 0.6312647005608829, FPR: 0.357327427094869, Pre: 0.6435935198821797, MCC: 0.2629583597692135, roc_auc: 0.6943621804771887, prc_auc: 0.6952979495558553, TN: 1741, FP: 968, FN: 1070, TP: 1748
Trial 94 finished with value: 0.6952979495558553 and parameters: {'C': 9, 'gamma': 0.0008}. Best is trial 16 with value: 0.7092134530597741.
ACC_train: 0.6585112156295224, FPR_train: 0.3378037803780378, Pre_train: 0.6574792370174318, MCC_train: 0.31699518564985474, roc_auc_train: 0.7175685265308933, prc_auc_train: 0.7048859468178987, TN_train: 7357, FP_train: 3753, FN_train: 3798, TP_train: 7204
ACC: 0.6457390989686991, FPR: 0.3444075304540421, Pre: 0.6577402787967719, MCC: 0.29182943287782875, roc_auc: 0.7110757166462185, prc_auc: 0.7092134530597741, TN: 1776, FP: 933, FN: 1025, TP: 1793
Trial 95 finished with value: 0.7092134530597741 and parameters: {'C': 26, 'gamma': 0.001}. Best is trial 16 with value: 0.7092134530597741.
ACC_train: 0.6225578871201157, FPR_train: 0.3621962196219622, Pre_train: 0.6240657698056801, MCC_train: 0.24508744085900003, roc_auc_train: 0.6774843776869961, prc_auc_train: 0.6714806066948292, TN_train: 7086, FP_train: 4024, FN_train: 4322, TP_train: 6680
ACC: 0.61968518183463, FPR: 0.3536360280546327, Pre: 0.6360182370820668, MCC: 0.24062812297705283, roc_auc: 0.6807239150522364, prc_auc: 0.6836133776624472, TN: 1751, FP: 958, FN: 1144, TP: 1674
Trial 96 finished with value: 0.6836133776624472 and parameters: {'C': 26, 'gamma': 0.0001}. Best is trial 16 with value: 0.7092134530597741.
ACC_train: 0.6187138205499276, FPR_train: 0.3666966696669667, Pre_train: 0.6199272320179121, MCC_train: 0.23739190073457023, roc_auc_train: 0.6727541191675975, prc_auc_train: 0.6677731442219729, TN_train: 7036, FP_train: 4074, FN_train: 4357, TP_train: 6645
ACC: 0.6185996019540437, FPR: 0.3547434477667036, Pre: 0.6348784194528876, MCC: 0.23845407814373973, roc_auc: 0.6768331437856254, prc_auc: 0.680370297843627, TN: 1748, FP: 961, FN: 1147, TP: 1671
Trial 97 finished with value: 0.680370297843627 and parameters: {'C': 10, 'gamma': 0.0002}. Best is trial 16 with value: 0.7092134530597741.
ACC_train: 0.6336378437047757, FPR_train: 0.3603960396039604, Pre_train: 0.6329636080300669, MCC_train: 0.2672375567696183, roc_auc_train: 0.6915544485733796, prc_auc_train: 0.683514162638647, TN_train: 7106, FP_train: 4004, FN_train: 4097, TP_train: 6905
ACC: 0.6236656413967795, FPR: 0.3613879660391288, Pre: 0.6368694362017804, MCC: 0.24793516430894075, roc_auc: 0.6909615871810733, prc_auc: 0.6923672946978463, TN: 1730, FP: 979, FN: 1101, TP: 1717
Trial 98 finished with value: 0.6923672946978463 and parameters: {'C': 6, 'gamma': 0.0009000000000000001}. Best is trial 16 with value: 0.7092134530597741.
ACC_train: 0.6027044138929089, FPR_train: 0.3740774077407741, Pre_train: 0.6052806534333744, MCC_train: 0.20541195128073533, roc_auc_train: 0.6473984150823735, prc_auc_train: 0.6478666461644407, TN_train: 6954, FP_train: 4156, FN_train: 4629, TP_train: 6373
ACC: 0.6066582232675954, FPR: 0.36064968623108157, Pre: 0.623941493456505, MCC: 0.2149250070069206, roc_auc: 0.6540537534768971, prc_auc: 0.66462238907327, TN: 1732, FP: 977, FN: 1197, TP: 1621
Trial 99 finished with value: 0.66462238907327 and parameters: {'C': 5, 'gamma': 0.0001}. Best is trial 16 with value: 0.7092134530597741.
ACC_train: 0.6336830680173662, FPR_train: 0.36084608460846085, Pre_train: 0.6328754578754578, MCC_train: 0.2673294697824664, roc_auc_train: 0.6903254763760325, prc_auc_train: 0.682089263173773, TN_train: 7101, FP_train: 4009, FN_train: 4091, TP_train: 6911
ACC: 0.6240275013569748, FPR: 0.3613879660391288, Pre: 0.6371386212008896, MCC: 0.24864062853722155, roc_auc: 0.6899929551653519, prc_auc: 0.6912537530097219, TN: 1730, FP: 979, FN: 1099, TP: 1719
Trial 100 finished with value: 0.6912537530097219 and parameters: {'C': 28, 'gamma': 0.0002}. Best is trial 16 with value: 0.7092134530597741.
ACC_train: 0.6306982633863966, FPR_train: 0.363006300630063, Pre_train: 0.6300678774536782, MCC_train: 0.2613569665027383, roc_auc_train: 0.6881808372620575, prc_auc_train: 0.6803613448850818, TN_train: 7077, FP_train: 4033, FN_train: 4133, TP_train: 6869
ACC: 0.6234847114166817, FPR: 0.3613879660391288, Pre: 0.636734693877551, MCC: 0.24758247166158437, roc_auc: 0.688411535189722, prc_auc: 0.6897076593418918, TN: 1730, FP: 979, FN: 1102, TP: 1716
Trial 101 finished with value: 0.6897076593418918 and parameters: {'C': 16, 'gamma': 0.00030000000000000003}. Best is trial 16 with value: 0.7092134530597741.
ACC_train: 0.6389743125904487, FPR_train: 0.354995499549955, Pre_train: 0.638397359493903, MCC_train: 0.2779113548452789, roc_auc_train: 0.6956946335426126, prc_auc_train: 0.6863513893040099, TN_train: 7166, FP_train: 3944, FN_train: 4039, TP_train: 6963
ACC: 0.6312647005608829, FPR: 0.3580657069029162, Pre: 0.6433823529411765, MCC: 0.2629235368497046, roc_auc: 0.6940327316274302, prc_auc: 0.6948067703245097, TN: 1739, FP: 970, FN: 1068, TP: 1750
Trial 102 finished with value: 0.6948067703245097 and parameters: {'C': 15, 'gamma': 0.0005}. Best is trial 16 with value: 0.7092134530597741.
ACC_train: 0.6379793777134588, FPR_train: 0.3556255625562556, Pre_train: 0.6374896779521056, MCC_train: 0.2759205095309841, roc_auc_train: 0.6947961143142127, prc_auc_train: 0.6856097189414558, TN_train: 7159, FP_train: 3951, FN_train: 4054, TP_train: 6948
ACC: 0.6301791206802967, FPR: 0.3569582871908453, Pre: 0.6429098966026587, MCC: 0.26085764472264117, roc_auc: 0.6932643232963434, prc_auc: 0.6941297711816004, TN: 1742, FP: 967, FN: 1077, TP: 1741
Trial 103 finished with value: 0.6941297711816004 and parameters: {'C': 18, 'gamma': 0.0004}. Best is trial 16 with value: 0.7092134530597741.
ACC_train: 0.6326429088277858, FPR_train: 0.3613861386138614, Pre_train: 0.6319552662938858, MCC_train: 0.2652474873681557, roc_auc_train: 0.6896836488775218, prc_auc_train: 0.6817241201249551, TN_train: 7095, FP_train: 4015, FN_train: 4108, TP_train: 6894
ACC: 0.623303781436584, FPR: 0.36175710594315247, Pre: 0.6364985163204748, MCC: 0.24721108758146018, roc_auc: 0.6894125881161053, prc_auc: 0.6907665071323508, TN: 1729, FP: 980, FN: 1102, TP: 1716
Trial 104 finished with value: 0.6907665071323508 and parameters: {'C': 13, 'gamma': 0.0004}. Best is trial 16 with value: 0.7092134530597741.
ACC_train: 0.6431349493487699, FPR_train: 0.3529252925292529, Pre_train: 0.642015886058614, MCC_train: 0.2862402322430027, roc_auc_train: 0.702219157109312, prc_auc_train: 0.6912783131393563, TN_train: 7189, FP_train: 3921, FN_train: 3970, TP_train: 7032
ACC: 0.6372353899041071, FPR: 0.3517903285345146, Pre: 0.6495034939315925, MCC: 0.27487744110826, roc_auc: 0.6989657533008417, prc_auc: 0.6984244479214615, TN: 1756, FP: 953, FN: 1052, TP: 1766
Trial 105 finished with value: 0.6984244479214615 and parameters: {'C': 19, 'gamma': 0.0006000000000000001}. Best is trial 16 with value: 0.7092134530597741.
ACC_train: 0.6000814037626628, FPR_train: 0.37857785778577857, Pre_train: 0.60211900482452, MCC_train: 0.20014360073148946, roc_auc_train: 0.6436240583702071, prc_auc_train: 0.6452469524354495, TN_train: 6904, FP_train: 4206, FN_train: 4637, TP_train: 6365
ACC: 0.6037633435860322, FPR: 0.3654485049833887, Pre: 0.620398773006135, MCC: 0.20900812355114876, roc_auc: 0.6505147654651674, prc_auc: 0.6618994246161294, TN: 1719, FP: 990, FN: 1200, TP: 1618
Trial 106 finished with value: 0.6618994246161294 and parameters: {'C': 4, 'gamma': 0.0001}. Best is trial 16 with value: 0.7092134530597741.
ACC_train: 0.6481548480463097, FPR_train: 0.3462646264626463, Pre_train: 0.6475815316965922, MCC_train: 0.29627513606091843, roc_auc_train: 0.7064874465995954, prc_auc_train: 0.6947268399958542, TN_train: 7263, FP_train: 3847, FN_train: 3933, TP_train: 7069
ACC: 0.6395874796453772, FPR: 0.35142118863049093, Pre: 0.6512820512820513, MCC: 0.2794889164850678, roc_auc: 0.7025053307836744, prc_auc: 0.7012670727621342, TN: 1757, FP: 952, FN: 1040, TP: 1778
