Trial 143 finished with value: 0.6941297711816004 and parameters: {'C': 18, 'gamma': 0.0004}. Best is trial 125 with value: 0.7110335540352557.
ACC_train: 0.6462554269175108, FPR_train: 0.34770477047704773, Pre_train: 0.6457913075371355, MCC_train: 0.292474995789832, roc_auc_train: 0.7049479220781558, prc_auc_train: 0.6932333273354614, TN_train: 7247, FP_train: 3863, FN_train: 3959, TP_train: 7043
ACC: 0.638501899764791, FPR: 0.3521594684385382, Pre: 0.6502932551319648, MCC: 0.277333957484142, roc_auc: 0.7011861599520668, prc_auc: 0.6999274270021957, TN: 1755, FP: 954, FN: 1044, TP: 1774
Trial 144 finished with value: 0.6999274270021957 and parameters: {'C': 23, 'gamma': 0.0006000000000000001}. Best is trial 125 with value: 0.7110335540352557.
ACC_train: 0.6188947178002895, FPR_train: 0.36588658865886586, Pre_train: 0.6202709014479215, MCC_train: 0.23775705639129505, roc_auc_train: 0.6737037296712765, prc_auc_train: 0.6686619137406107, TN_train: 7045, FP_train: 4065, FN_train: 4362, TP_train: 6640
ACC: 0.6195042518545323, FPR: 0.3532668881506091, Pre: 0.6359832635983264, MCC: 0.24029980329187325, roc_auc: 0.677563694972545, prc_auc: 0.6811338490196073, TN: 1752, FP: 957, FN: 1146, TP: 1672
Trial 145 finished with value: 0.6811338490196073 and parameters: {'C': 7, 'gamma': 0.00030000000000000003}. Best is trial 125 with value: 0.7110335540352557.
ACC_train: 0.642230463096961, FPR_train: 0.3546354635463546, Pre_train: 0.6408713882052685, MCC_train: 0.2844351744653277, roc_auc_train: 0.7012282481656638, prc_auc_train: 0.6902989356835488, TN_train: 7170, FP_train: 3940, FN_train: 3971, TP_train: 7031
ACC: 0.6370544599240094, FPR: 0.35252860834256183, Pre: 0.6491550330639236, MCC: 0.2744894100347678, roc_auc: 0.698049649710072, prc_auc: 0.6974677990246478, TN: 1754, FP: 955, FN: 1051, TP: 1767
Trial 146 finished with value: 0.6974677990246478 and parameters: {'C': 22, 'gamma': 0.0005}. Best is trial 125 with value: 0.7110335540352557.
ACC_train: 0.6274421128798843, FPR_train: 0.3629162916291629, Pre_train: 0.6276320650166236, MCC_train: 0.2548407358567571, roc_auc_train: 0.6832992806642961, prc_auc_train: 0.6762155719985621, TN_train: 7078, FP_train: 4032, FN_train: 4206, TP_train: 6796
ACC: 0.6213135516555093, FPR: 0.3595422665190107, Pre: 0.6356154133931912, MCC: 0.24345084706586487, roc_auc: 0.6852451584118442, prc_auc: 0.6869574520266657, TN: 1735, FP: 974, FN: 1119, TP: 1699
Trial 147 finished with value: 0.6869574520266657 and parameters: {'C': 18, 'gamma': 0.0002}. Best is trial 125 with value: 0.7110335540352557.
ACC_train: 0.6544862518089725, FPR_train: 0.3412241224122412, Pre_train: 0.6536001461988304, MCC_train: 0.30894256259752506, roc_auc_train: 0.7130043330637372, prc_auc_train: 0.7008758966718573, TN_train: 7319, FP_train: 3791, FN_train: 3849, TP_train: 7153
ACC: 0.6430251492672335, FPR: 0.3477297895902547, Pre: 0.6548186148772445, MCC: 0.2863745118903916, roc_auc: 0.7074804668925521, prc_auc: 0.7058926292561161, TN: 1767, FP: 942, FN: 1031, TP: 1787
Trial 148 finished with value: 0.7058926292561161 and parameters: {'C': 23, 'gamma': 0.0009000000000000001}. Best is trial 125 with value: 0.7110335540352557.
ACC_train: 0.6361251808972503, FPR_train: 0.3568856885688569, Pre_train: 0.6357707146794047, MCC_train: 0.2722106883866884, roc_auc_train: 0.6942303305953209, prc_auc_train: 0.6856299844551721, TN_train: 7145, FP_train: 3965, FN_train: 4081, TP_train: 6921
ACC: 0.6285507508594174, FPR: 0.3558508674787745, Pre: 0.6420349053100631, MCC: 0.2577386101074869, roc_auc: 0.6929614661430067, prc_auc: 0.6942707688834544, TN: 1745, FP: 964, FN: 1089, TP: 1729
Trial 149 finished with value: 0.6942707688834544 and parameters: {'C': 7, 'gamma': 0.0009000000000000001}. Best is trial 125 with value: 0.7110335540352557.
