Trial 107 finished with value: 0.7012670727621342 and parameters: {'C': 21, 'gamma': 0.0007000000000000001}. Best is trial 16 with value: 0.7092134530597741.
ACC_train: 0.6553002894356006, FPR_train: 0.3395139513951395, Pre_train: 0.6547052361772244, MCC_train: 0.3105681049389956, roc_auc_train: 0.7129354518800362, prc_auc_train: 0.700754772201559, TN_train: 7338, FP_train: 3772, FN_train: 3850, TP_train: 7152
ACC: 0.6453772390085037, FPR: 0.34514581026208935, Pre: 0.657258064516129, MCC: 0.2910884457264258, roc_auc: 0.7075383660542194, prc_auc: 0.7058444352354605, TN: 1774, FP: 935, FN: 1025, TP: 1793
Trial 108 finished with value: 0.7058444352354605 and parameters: {'C': 27, 'gamma': 0.0008}. Best is trial 16 with value: 0.7092134530597741.
ACC_train: 0.6386577424023154, FPR_train: 0.3546354635463546, Pre_train: 0.638266617701065, MCC_train: 0.27727684821957715, roc_auc_train: 0.6961015638920737, prc_auc_train: 0.6869772614695633, TN_train: 7170, FP_train: 3940, FN_train: 4050, TP_train: 6952
ACC: 0.6312647005608829, FPR: 0.357327427094869, Pre: 0.6435935198821797, MCC: 0.2629583597692135, roc_auc: 0.6943621804771887, prc_auc: 0.6952979495558553, TN: 1741, FP: 968, FN: 1070, TP: 1748
Trial 109 finished with value: 0.6952979495558553 and parameters: {'C': 9, 'gamma': 0.0008}. Best is trial 16 with value: 0.7092134530597741.
ACC_train: 0.6433158465991317, FPR_train: 0.3531953195319532, Pre_train: 0.642068776794673, MCC_train: 0.2866041667285218, roc_auc_train: 0.7024486628811946, prc_auc_train: 0.6915909476663409, TN_train: 7186, FP_train: 3924, FN_train: 3963, TP_train: 7039
ACC: 0.6361498100235209, FPR: 0.3536360280546327, Pre: 0.6481821520381932, MCC: 0.2726709514291975, roc_auc: 0.6990259448501316, prc_auc: 0.698589919839747, TN: 1751, FP: 958, FN: 1053, TP: 1765
Trial 110 finished with value: 0.698589919839747 and parameters: {'C': 16, 'gamma': 0.0007000000000000001}. Best is trial 16 with value: 0.7092134530597741.
ACC_train: 0.6389743125904487, FPR_train: 0.354995499549955, Pre_train: 0.638397359493903, MCC_train: 0.2779113548452789, roc_auc_train: 0.6956946335426126, prc_auc_train: 0.6863513893040099, TN_train: 7166, FP_train: 3944, FN_train: 4039, TP_train: 6963
ACC: 0.6312647005608829, FPR: 0.3580657069029162, Pre: 0.6433823529411765, MCC: 0.2629235368497046, roc_auc: 0.6940327316274302, prc_auc: 0.6948067703245097, TN: 1739, FP: 970, FN: 1068, TP: 1750
Trial 111 finished with value: 0.6948067703245097 and parameters: {'C': 15, 'gamma': 0.0005}. Best is trial 16 with value: 0.7092134530597741.
ACC_train: 0.6150506512301013, FPR_train: 0.36795679567956796, Pre_train: 0.6167260453778362, MCC_train: 0.23007494251330818, roc_auc_train: 0.6675330653407097, prc_auc_train: 0.6636215659355271, TN_train: 7022, FP_train: 4088, FN_train: 4424, TP_train: 6578
ACC: 0.6184186719739461, FPR: 0.3521594684385382, Pre: 0.6354604508979748, MCC: 0.23826413150500822, roc_auc: 0.6724317595502833, prc_auc: 0.6773544763077357, TN: 1755, FP: 954, FN: 1155, TP: 1663
Trial 112 finished with value: 0.6773544763077357 and parameters: {'C': 5, 'gamma': 0.00030000000000000003}. Best is trial 16 with value: 0.7092134530597741.
ACC_train: 0.6565665701881331, FPR_train: 0.3385238523852385, Pre_train: 0.6559011893870083, MCC_train: 0.313101545171931, roc_auc_train: 0.7155950820495611, prc_auc_train: 0.7032455504588331, TN_train: 7349, FP_train: 3761, FN_train: 3833, TP_train: 7169
ACC: 0.6466437488691876, FPR: 0.3433001107419712, Pre: 0.6587155963302752, MCC: 0.2936478510953946, roc_auc: 0.7096184785829429, prc_auc: 0.708021718114356, TN: 1779, FP: 930, FN: 1023, TP: 1795
Trial 113 finished with value: 0.708021718114356 and parameters: {'C': 23, 'gamma': 0.001}. Best is trial 16 with value: 0.7092134530597741.
ACC_train: 0.6386577424023154, FPR_train: 0.3546354635463546, Pre_train: 0.638266617701065, MCC_train: 0.27727684821957715, roc_auc_train: 0.6961015638920737, prc_auc_train: 0.6869772614695633, TN_train: 7170, FP_train: 3940, FN_train: 4050, TP_train: 6952
ACC: 0.6312647005608829, FPR: 0.357327427094869, Pre: 0.6435935198821797, MCC: 0.2629583597692135, roc_auc: 0.6943621804771887, prc_auc: 0.6952979495558553, TN: 1741, FP: 968, FN: 1070, TP: 1748
Trial 114 finished with value: 0.6952979495558553 and parameters: {'C': 9, 'gamma': 0.0008}. Best is trial 16 with value: 0.7092134530597741.
ACC_train: 0.6088549204052098, FPR_train: 0.3703870387038704, Pre_train: 0.611168855711991, MCC_train: 0.21770280102342643, roc_auc_train: 0.6582333815093925, prc_auc_train: 0.6558326151559475, TN_train: 6995, FP_train: 4115, FN_train: 4534, TP_train: 6468
ACC: 0.6162475122127736, FPR: 0.3477297895902547, Pre: 0.6350251840371949, MCC: 0.2343544842475779, roc_auc: 0.6635999105051872, prc_auc: 0.6704810600738818, TN: 1767, FP: 942, FN: 1179, TP: 1639
Trial 115 finished with value: 0.6704810600738818 and parameters: {'C': 1, 'gamma': 0.0009000000000000001}. Best is trial 16 with value: 0.7092134530597741.
ACC_train: 0.6435871924746743, FPR_train: 0.35301530153015304, Pre_train: 0.6423164614683082, MCC_train: 0.28714733546670224, roc_auc_train: 0.7028955826867909, prc_auc_train: 0.6920299172706397, TN_train: 7188, FP_train: 3922, FN_train: 3959, TP_train: 7043
ACC: 0.6357879500633254, FPR: 0.3536360280546327, Pre: 0.6479235575156193, MCC: 0.271964246460975, roc_auc: 0.6993141307226837, prc_auc: 0.6988357246371906, TN: 1751, FP: 958, FN: 1055, TP: 1763
Trial 116 finished with value: 0.6988357246371906 and parameters: {'C': 14, 'gamma': 0.0008}. Best is trial 16 with value: 0.7092134530597741.
ACC_train: 0.6431349493487699, FPR_train: 0.3529252925292529, Pre_train: 0.642015886058614, MCC_train: 0.2862402322430027, roc_auc_train: 0.702219157109312, prc_auc_train: 0.6912783131393563, TN_train: 7189, FP_train: 3921, FN_train: 3970, TP_train: 7032
ACC: 0.6372353899041071, FPR: 0.3517903285345146, Pre: 0.6495034939315925, MCC: 0.27487744110826, roc_auc: 0.6989657533008417, prc_auc: 0.6984244479214615, TN: 1756, FP: 953, FN: 1052, TP: 1766
Trial 117 finished with value: 0.6984244479214615 and parameters: {'C': 19, 'gamma': 0.0006000000000000001}. Best is trial 16 with value: 0.7092134530597741.
ACC_train: 0.6494663531114327, FPR_train: 0.34464446444644464, Pre_train: 0.6490054083784031, MCC_train: 0.2988977517928873, roc_auc_train: 0.7083632408868954, prc_auc_train: 0.6963284185797491, TN_train: 7281, FP_train: 3829, FN_train: 3922, TP_train: 7080
ACC: 0.6424823593269404, FPR: 0.3488372093023256, Pre: 0.654099560761347, MCC: 0.2852635227485669, roc_auc: 0.7040052072567299, prc_auc: 0.7025822527243757, TN: 1764, FP: 945, FN: 1031, TP: 1787
Trial 118 finished with value: 0.7025822527243757 and parameters: {'C': 24, 'gamma': 0.0007000000000000001}. Best is trial 16 with value: 0.7092134530597741.
ACC_train: 0.6259497105643994, FPR_train: 0.36255625562556254, Pre_train: 0.6265875590989154, MCC_train: 0.2518581466242329, roc_auc_train: 0.6817252766905486, prc_auc_train: 0.6749485783947562, TN_train: 7082, FP_train: 4028, FN_train: 4243, TP_train: 6759
ACC: 0.6211326216754116, FPR: 0.3588039867109635, Pre: 0.6356821589205397, MCC: 0.243139251130308, roc_auc: 0.6839218612825162, prc_auc: 0.6859387466906885, TN: 1737, FP: 972, FN: 1122, TP: 1696
Trial 119 finished with value: 0.6859387466906885 and parameters: {'C': 8, 'gamma': 0.0004}. Best is trial 16 with value: 0.7092134530597741.
ACC_train: 0.6565665701881331, FPR_train: 0.3385238523852385, Pre_train: 0.6559011893870083, MCC_train: 0.313101545171931, roc_auc_train: 0.7155950820495611, prc_auc_train: 0.7032455504588331, TN_train: 7349, FP_train: 3761, FN_train: 3833, TP_train: 7169
ACC: 0.6466437488691876, FPR: 0.3433001107419712, Pre: 0.6587155963302752, MCC: 0.2936478510953946, roc_auc: 0.7096184785829429, prc_auc: 0.708021718114356, TN: 1779, FP: 930, FN: 1023, TP: 1795
Trial 120 finished with value: 0.708021718114356 and parameters: {'C': 23, 'gamma': 0.001}. Best is trial 16 with value: 0.7092134530597741.
ACC_train: 0.6316931982633864, FPR_train: 0.3621962196219622, Pre_train: 0.6310287914909224, MCC_train: 0.26334751019099223, roc_auc_train: 0.6892859264112196, prc_auc_train: 0.6814080364759105, TN_train: 7086, FP_train: 4024, FN_train: 4120, TP_train: 6882
ACC: 0.6242084313370726, FPR: 0.36028054632705797, Pre: 0.6375789082807278, MCC: 0.24904945371326057, roc_auc: 0.6892183901360788, prc_auc: 0.6904451638831974, TN: 1733, FP: 976, FN: 1101, TP: 1717
Trial 121 finished with value: 0.6904451638831974 and parameters: {'C': 10, 'gamma': 0.0005}. Best is trial 16 with value: 0.7092134530597741.
ACC_train: 0.6240050651230101, FPR_train: 0.36210621062106213, Pre_train: 0.6252096143096703, MCC_train: 0.2479760295636266, roc_auc_train: 0.6794475589169533, prc_auc_train: 0.6729734328973328, TN_train: 7087, FP_train: 4023, FN_train: 4291, TP_train: 6711
ACC: 0.6198661118147277, FPR: 0.357327427094869, Pre: 0.6351300414624953, MCC: 0.240760125418944, roc_auc: 0.6822925631539691, prc_auc: 0.6847734951124533, TN: 1741, FP: 968, FN: 1133, TP: 1685
Trial 122 finished with value: 0.6847734951124533 and parameters: {'C': 29, 'gamma': 0.0001}. Best is trial 16 with value: 0.7092134530597741.
ACC_train: 0.6532199710564399, FPR_train: 0.34212421242124214, Pre_train: 0.6524323335771763, MCC_train: 0.3064086330077091, roc_auc_train: 0.7116441515993083, prc_auc_train: 0.6994242248399538, TN_train: 7309, FP_train: 3801, FN_train: 3867, TP_train: 7135
ACC: 0.6437488691876244, FPR: 0.34551495016611294, Pre: 0.6560088202866593, MCC: 0.2878910654502054, roc_auc: 0.7066010415037434, prc_auc: 0.7048790444489907, TN: 1773, FP: 936, FN: 1033, TP: 1785
Trial 123 finished with value: 0.7048790444489907 and parameters: {'C': 30, 'gamma': 0.0007000000000000001}. Best is trial 16 with value: 0.7092134530597741.
ACC_train: 0.6402405933429812, FPR_train: 0.3561656165616562, Pre_train: 0.6389927926284098, MCC_train: 0.2804529170307044, roc_auc_train: 0.6993061935715477, prc_auc_train: 0.6888273532960816, TN_train: 7153, FP_train: 3957, FN_train: 3998, TP_train: 7004
ACC: 0.6347023701827392, FPR: 0.3547434477667036, Pre: 0.6468210216832047, MCC: 0.2697924075078981, roc_auc: 0.6965041874717217, prc_auc: 0.6961278975697501, TN: 1748, FP: 961, FN: 1058, TP: 1760
Trial 124 finished with value: 0.6961278975697501 and parameters: {'C': 25, 'gamma': 0.0004}. Best is trial 16 with value: 0.7092134530597741.
ACC_train: 0.6604106367583212, FPR_train: 0.33555355535553555, Pre_train: 0.65951228422687, MCC_train: 0.3207928538530863, roc_auc_train: 0.7199765372828866, prc_auc_train: 0.7070240100430649, TN_train: 7382, FP_train: 3728, FN_train: 3781, TP_train: 7221
ACC: 0.6486339786502624, FPR: 0.3399778516057586, Pre: 0.6611479028697572, MCC: 0.2976909032349933, roc_auc: 0.7132144488012908, prc_auc: 0.7110335540352557, TN: 1788, FP: 921, FN: 1021, TP: 1797
Trial 125 finished with value: 0.7110335540352557 and parameters: {'C': 30, 'gamma': 0.001}. Best is trial 125 with value: 0.7110335540352557.
ACC_train: 0.6556168596237337, FPR_train: 0.338973897389739, Pre_train: 0.6550966205696492, MCC_train: 0.31120080133649036, roc_auc_train: 0.7140357714193525, prc_auc_train: 0.7018870820640987, TN_train: 7344, FP_train: 3766, FN_train: 3849, TP_train: 7153
ACC: 0.6461009589288945, FPR: 0.34551495016611294, Pre: 0.6576444769568398, MCC: 0.2924859870708219, roc_auc: 0.7083611367203557, prc_auc: 0.7068026740686381, TN: 1773, FP: 936, FN: 1020, TP: 1798
Trial 126 finished with value: 0.7068026740686381 and parameters: {'C': 21, 'gamma': 0.001}. Best is trial 125 with value: 0.7110335540352557.
ACC_train: 0.6297485528219972, FPR_train: 0.3632763276327633, Pre_train: 0.6292826306604207, MCC_train: 0.25945585417009936, roc_auc_train: 0.6867393515392259, prc_auc_train: 0.6793013658803284, TN_train: 7074, FP_train: 4036, FN_train: 4151, TP_train: 6851
ACC: 0.6231228514564864, FPR: 0.36028054632705797, Pre: 0.6367696315593598, MCC: 0.2469342742181912, roc_auc: 0.6877099990804251, prc_auc: 0.6892404780716931, TN: 1733, FP: 976, FN: 1107, TP: 1711
Trial 127 finished with value: 0.6892404780716931 and parameters: {'C': 7, 'gamma': 0.0006000000000000001}. Best is trial 125 with value: 0.7110335540352557.
ACC_train: 0.6560238784370478, FPR_train: 0.33960396039603963, Pre_train: 0.6551818680314385, MCC_train: 0.31201770369260096, roc_auc_train: 0.7150903706076843, prc_auc_train: 0.7026875369751417, TN_train: 7337, FP_train: 3773, FN_train: 3833, TP_train: 7169
ACC: 0.6453772390085037, FPR: 0.3429309708379476, Pre: 0.6579528718703976, MCC: 0.29119309822272565, roc_auc: 0.7092615865785027, prc_auc: 0.7074807490110945, TN: 1780, FP: 929, FN: 1031, TP: 1787
Trial 128 finished with value: 0.7074807490110945 and parameters: {'C': 26, 'gamma': 0.0009000000000000001}. Best is trial 125 with value: 0.7110335540352557.
ACC_train: 0.6218342981186686, FPR_train: 0.36345634563456347, Pre_train: 0.6231802911534154, MCC_train: 0.24363653163294244, roc_auc_train: 0.6763389391111443, prc_auc_train: 0.6706790622495276, TN_train: 7072, FP_train: 4038, FN_train: 4324, TP_train: 6678
ACC: 0.6193233218744346, FPR: 0.3536360280546327, Pre: 0.6357414448669202, MCC: 0.23992607750378256, roc_auc: 0.6797291498176177, prc_auc: 0.6829568263739512, TN: 1751, FP: 958, FN: 1146, TP: 1672
Trial 129 finished with value: 0.6829568263739512 and parameters: {'C': 6, 'gamma': 0.0004}. Best is trial 125 with value: 0.7110335540352557.
ACC_train: 0.6387934153400868, FPR_train: 0.35625562556255624, Pre_train: 0.6379105296862135, MCC_train: 0.2775526596360852, roc_auc_train: 0.695443210472656, prc_auc_train: 0.6857726871250063, TN_train: 7152, FP_train: 3958, FN_train: 4029, TP_train: 6973
ACC: 0.6307219106205898, FPR: 0.3588039867109635, Pre: 0.6427783902976847, MCC: 0.26182899801328297, roc_auc: 0.6938150203000748, prc_auc: 0.693966563009439, TN: 1737, FP: 972, FN: 1069, TP: 1749
Trial 130 finished with value: 0.693966563009439 and parameters: {'C': 26, 'gamma': 0.00030000000000000003}. Best is trial 125 with value: 0.7110335540352557.
ACC_train: 0.609081041968162, FPR_train: 0.37074707470747076, Pre_train: 0.611268403171008, MCC_train: 0.21815036959583423, roc_auc_train: 0.6579204648332493, prc_auc_train: 0.6553561864630952, TN_train: 6991, FP_train: 4119, FN_train: 4525, TP_train: 6477
ACC: 0.6140763524516012, FPR: 0.35105204872646734, Pre: 0.6323927328952454, MCC: 0.2299263328313283, roc_auc: 0.6632542184517031, prc_auc: 0.6700410352347435, TN: 1758, FP: 951, FN: 1182, TP: 1636
Trial 131 finished with value: 0.6700410352347435 and parameters: {'C': 9, 'gamma': 0.0001}. Best is trial 125 with value: 0.7110335540352557.
ACC_train: 0.6225578871201157, FPR_train: 0.3621962196219622, Pre_train: 0.6240657698056801, MCC_train: 0.24508744085900003, roc_auc_train: 0.6774843776869961, prc_auc_train: 0.6714806066948292, TN_train: 7086, FP_train: 4024, FN_train: 4322, TP_train: 6680
ACC: 0.61968518183463, FPR: 0.3536360280546327, Pre: 0.6360182370820668, MCC: 0.24062812297705283, roc_auc: 0.6807239150522364, prc_auc: 0.6836133776624472, TN: 1751, FP: 958, FN: 1144, TP: 1674
Trial 132 finished with value: 0.6836133776624472 and parameters: {'C': 26, 'gamma': 0.0001}. Best is trial 125 with value: 0.7110335540352557.
ACC_train: 0.6359895079594791, FPR_train: 0.3574257425742574, Pre_train: 0.6355208811381368, MCC_train: 0.27193996915614155, roc_auc_train: 0.6936335934993245, prc_auc_train: 0.6850066660211647, TN_train: 7139, FP_train: 3971, FN_train: 4078, TP_train: 6924
ACC: 0.6272842409987335, FPR: 0.3584348468069398, Pre: 0.6403703703703704, MCC: 0.25513861390927756, roc_auc: 0.6925056084900605, prc_auc: 0.6937133609117682, TN: 1738, FP: 971, FN: 1089, TP: 1729
Trial 133 finished with value: 0.6937133609117682 and parameters: {'C': 9, 'gamma': 0.0007000000000000001}. Best is trial 125 with value: 0.7110335540352557.
ACC_train: 0.6392908827785818, FPR_train: 0.3558955895589559, Pre_train: 0.638375708798244, MCC_train: 0.2785481509943799, roc_auc_train: 0.6976353902432599, prc_auc_train: 0.687789942762771, TN_train: 7156, FP_train: 3954, FN_train: 4022, TP_train: 6980
ACC: 0.6314456305409807, FPR: 0.3547434477667036, Pre: 0.6444691083980763, MCC: 0.26343737209422297, roc_auc: 0.6954889217420783, prc_auc: 0.6957783755077495, TN: 1748, FP: 961, FN: 1076, TP: 1742
Trial 134 finished with value: 0.6957783755077495 and parameters: {'C': 14, 'gamma': 0.0006000000000000001}. Best is trial 125 with value: 0.7110335540352557.
ACC_train: 0.6150506512301013, FPR_train: 0.3684968496849685, Pre_train: 0.6165948679528002, MCC_train: 0.23007156329428158, roc_auc_train: 0.6686837439424728, prc_auc_train: 0.6645546745635116, TN_train: 7016, FP_train: 4094, FN_train: 4418, TP_train: 6584
ACC: 0.6193233218744346, FPR: 0.35142118863049093, Pre: 0.6363636363636364, MCC: 0.24006458131492595, roc_auc: 0.6733738653663721, prc_auc: 0.6780005412679893, TN: 1757, FP: 952, FN: 1152, TP: 1666
Trial 135 finished with value: 0.6780005412679893 and parameters: {'C': 8, 'gamma': 0.0002}. Best is trial 125 with value: 0.7110335540352557.
ACC_train: 0.640918958031838, FPR_train: 0.35634563456345636, Pre_train: 0.6394353369763206, MCC_train: 0.28181436119620396, roc_auc_train: 0.7005249720572858, prc_auc_train: 0.690001493866727, TN_train: 7151, FP_train: 3959, FN_train: 3981, TP_train: 7021
ACC: 0.6361498100235209, FPR: 0.35289774824658543, Pre: 0.6484001471129092, MCC: 0.2727055774072984, roc_auc: 0.697455855819036, prc_auc: 0.6971064643256271, TN: 1753, FP: 956, FN: 1055, TP: 1763
Trial 136 finished with value: 0.6971064643256271 and parameters: {'C': 17, 'gamma': 0.0006000000000000001}. Best is trial 125 with value: 0.7110335540352557.
ACC_train: 0.6292058610709117, FPR_train: 0.3639063906390639, Pre_train: 0.6287078703278538, MCC_train: 0.2583705041772033, roc_auc_train: 0.6860685218676386, prc_auc_train: 0.6785951023441932, TN_train: 7067, FP_train: 4043, FN_train: 4156, TP_train: 6846
ACC: 0.6231228514564864, FPR: 0.3588039867109635, Pre: 0.6371780515117581, MCC: 0.2470122448711941, roc_auc: 0.6871938188846107, prc_auc: 0.6886856369479732, TN: 1737, FP: 972, FN: 1111, TP: 1707
Trial 137 finished with value: 0.6886856369479732 and parameters: {'C': 14, 'gamma': 0.00030000000000000003}. Best is trial 125 with value: 0.7110335540352557.
ACC_train: 0.6525868306801736, FPR_train: 0.3415841584158416, Pre_train: 0.652153987167736, MCC_train: 0.30513940913630855, roc_auc_train: 0.7110664029500569, prc_auc_train: 0.6989365934310059, TN_train: 7315, FP_train: 3795, FN_train: 3887, TP_train: 7115
ACC: 0.6430251492672335, FPR: 0.34662236987818384, Pre: 0.6551597502754315, MCC: 0.28642578194002205, roc_auc: 0.7059948687195456, prc_auc: 0.7044050740611807, TN: 1770, FP: 939, FN: 1034, TP: 1784
Trial 138 finished with value: 0.7044050740611807 and parameters: {'C': 24, 'gamma': 0.0008}. Best is trial 125 with value: 0.7110335540352557.
ACC_train: 0.6559334298118669, FPR_train: 0.33861386138613864, Pre_train: 0.655431397691885, MCC_train: 0.31183390689933665, roc_auc_train: 0.71374610147799, prc_auc_train: 0.7015346453243412, TN_train: 7348, FP_train: 3762, FN_train: 3846, TP_train: 7156
ACC: 0.6455581689886014, FPR: 0.3447766703580657, Pre: 0.6574990832416575, MCC: 0.2914589184422188, roc_auc: 0.7081288851057943, prc_auc: 0.7064338697192876, TN: 1775, FP: 934, FN: 1025, TP: 1793
Trial 139 finished with value: 0.7064338697192876 and parameters: {'C': 24, 'gamma': 0.0009000000000000001}. Best is trial 125 with value: 0.7110335540352557.
ACC_train: 0.6276682344428365, FPR_train: 0.3624662466246625, Pre_train: 0.6279220179247899, MCC_train: 0.25529327930055035, roc_auc_train: 0.6833800040611223, prc_auc_train: 0.6763267294247735, TN_train: 7083, FP_train: 4027, FN_train: 4206, TP_train: 6796
ACC: 0.6213135516555093, FPR: 0.3595422665190107, Pre: 0.6356154133931912, MCC: 0.24345084706586487, roc_auc: 0.6852194181736821, prc_auc: 0.6870467413125801, TN: 1735, FP: 974, FN: 1119, TP: 1699
Trial 140 finished with value: 0.6870467413125801 and parameters: {'C': 7, 'gamma': 0.0005}. Best is trial 125 with value: 0.7110335540352557.
ACC_train: 0.6287988422575976, FPR_train: 0.3631863186318632, Pre_train: 0.6285898379970545, MCC_train: 0.25755477596949417, roc_auc_train: 0.6847995274895604, prc_auc_train: 0.6775441673214727, TN_train: 7075, FP_train: 4035, FN_train: 4173, TP_train: 6829
ACC: 0.6211326216754116, FPR: 0.3610188261351052, Pre: 0.6350746268656716, MCC: 0.24301933195784653, roc_auc: 0.6862931070393068, prc_auc: 0.6880418818473152, TN: 1731, FP: 978, FN: 1116, TP: 1702
Trial 141 finished with value: 0.6880418818473152 and parameters: {'C': 13, 'gamma': 0.00030000000000000003}. Best is trial 125 with value: 0.7110335540352557.
ACC_train: 0.6592348046309696, FPR_train: 0.3369036903690369, Pre_train: 0.6582671414224414, MCC_train: 0.318441724329036, roc_auc_train: 0.7187654163525787, prc_auc_train: 0.7058332787706283, TN_train: 7367, FP_train: 3743, FN_train: 3792, TP_train: 7210
ACC: 0.6470056088293831, FPR: 0.34256183093392395, Pre: 0.65919941241278, MCC: 0.2943891048673415, roc_auc: 0.7122675617195895, prc_auc: 0.7102386778365597, TN: 1781, FP: 928, FN: 1023, TP: 1795
Trial 142 finished with value: 0.7102386778365597 and parameters: {'C': 28, 'gamma': 0.001}. Best is trial 125 with value: 0.7110335540352557.
ACC_train: 0.6379793777134588, FPR_train: 0.3556255625562556, Pre_train: 0.6374896779521056, MCC_train: 0.2759205095309841, roc_auc_train: 0.6947961143142127, prc_auc_train: 0.6856097189414558, TN_train: 7159, FP_train: 3951, FN_train: 4054, TP_train: 6948
ACC: 0.6301791206802967, FPR: 0.3569582871908453, Pre: 0.6429098966026587, MCC: 0.26085764472264117, roc_auc: 0.6932643232963434, prc_auc: 0.6941297711816004, TN: 1742, FP: 967, FN: 1077, TP: 1741
