Trial 35 finished with value: 0.6937133609117682 and parameters: {'C': 9, 'gamma': 0.0007000000000000001}. Best is trial 16 with value: 0.7092134530597741.
ACC_train: 0.6164526049204052, FPR_train: 0.3684968496849685, Pre_train: 0.6177047343356056, MCC_train: 0.23286941489015636, roc_auc_train: 0.670760504063495, prc_auc_train: 0.6662777055060198, TN_train: 7016, FP_train: 4094, FN_train: 4387, TP_train: 6615
ACC: 0.6191423918943368, FPR: 0.3536360280546327, Pre: 0.6356028908330164, MCC: 0.23957508373006828, roc_auc: 0.6751091372998713, prc_auc: 0.679055756323304, TN: 1751, FP: 958, FN: 1147, TP: 1671
Trial 36 finished with value: 0.679055756323304 and parameters: {'C': 18, 'gamma': 0.0001}. Best is trial 16 with value: 0.7092134530597741.
ACC_train: 0.6402858176555717, FPR_train: 0.3558055805580558, Pre_train: 0.6391272594486033, MCC_train: 0.28054186011520504, roc_auc_train: 0.7003775232095105, prc_auc_train: 0.6900347739949784, TN_train: 7157, FP_train: 3953, FN_train: 4001, TP_train: 7001
ACC: 0.6354260901031301, FPR: 0.3532668881506091, Pre: 0.6477732793522267, MCC: 0.27127517896048103, roc_auc: 0.697448585675433, prc_auc: 0.6972765169937362, TN: 1752, FP: 957, FN: 1058, TP: 1760
Trial 37 finished with value: 0.6972765169937362 and parameters: {'C': 14, 'gamma': 0.0007000000000000001}. Best is trial 16 with value: 0.7092134530597741.
ACC_train: 0.6289797395079595, FPR_train: 0.36417641764176417, Pre_train: 0.6284664830119375, MCC_train: 0.2579182944852003, roc_auc_train: 0.6858510219318605, prc_auc_train: 0.6783733674450612, TN_train: 7064, FP_train: 4046, FN_train: 4158, TP_train: 6844
ACC: 0.6234847114166817, FPR: 0.3584348468069398, Pre: 0.637551325121314, MCC: 0.24773644420069812, roc_auc: 0.6870287669757853, prc_auc: 0.688444928170691, TN: 1738, FP: 971, FN: 1110, TP: 1708
Trial 38 finished with value: 0.688444928170691 and parameters: {'C': 21, 'gamma': 0.0002}. Best is trial 16 with value: 0.7092134530597741.
ACC_train: 0.6553002894356006, FPR_train: 0.3395139513951395, Pre_train: 0.6547052361772244, MCC_train: 0.3105681049389956, roc_auc_train: 0.7129354518800362, prc_auc_train: 0.700754772201559, TN_train: 7338, FP_train: 3772, FN_train: 3850, TP_train: 7152
ACC: 0.6453772390085037, FPR: 0.34514581026208935, Pre: 0.657258064516129, MCC: 0.2910884457264258, roc_auc: 0.7075383660542194, prc_auc: 0.7058444352354605, TN: 1774, FP: 935, FN: 1025, TP: 1793
Trial 39 finished with value: 0.7058444352354605 and parameters: {'C': 27, 'gamma': 0.0008}. Best is trial 16 with value: 0.7092134530597741.
ACC_train: 0.6339091895803184, FPR_train: 0.3603960396039604, Pre_train: 0.6331653687585891, MCC_train: 0.267781060768339, roc_auc_train: 0.692516490332909, prc_auc_train: 0.6841264301708284, TN_train: 7106, FP_train: 4004, FN_train: 4091, TP_train: 6911
ACC: 0.6271033110186358, FPR: 0.3595422665190107, Pre: 0.6399260628465804, MCC: 0.2547307112601457, roc_auc: 0.6916714413826005, prc_auc: 0.6929508121606006, TN: 1735, FP: 974, FN: 1087, TP: 1731
Trial 40 finished with value: 0.6929508121606006 and parameters: {'C': 10, 'gamma': 0.0006000000000000001}. Best is trial 16 with value: 0.7092134530597741.
ACC_train: 0.6336830680173662, FPR_train: 0.35985598559855986, Pre_train: 0.6331436960910258, MCC_train: 0.2673268238424532, roc_auc_train: 0.6908464805760707, prc_auc_train: 0.682628325014454, TN_train: 7112, FP_train: 3998, FN_train: 4102, TP_train: 6900
ACC: 0.6243893613171703, FPR: 0.36175710594315247, Pre: 0.6373056994818653, MCC: 0.249327836553756, roc_auc: 0.690430342723739, prc_auc: 0.6918723660470293, TN: 1729, FP: 980, FN: 1096, TP: 1722
Trial 41 finished with value: 0.6918723660470293 and parameters: {'C': 29, 'gamma': 0.0002}. Best is trial 16 with value: 0.7092134530597741.
ACC_train: 0.6260401591895803, FPR_train: 0.3622862286228623, Pre_train: 0.6267272558657145, MCC_train: 0.2520395684298944, roc_auc_train: 0.6823865794141676, prc_auc_train: 0.6756881013740197, TN_train: 7085, FP_train: 4025, FN_train: 4244, TP_train: 6758
ACC: 0.6207707617152162, FPR: 0.3584348468069398, Pre: 0.6355105105105106, MCC: 0.24245592269369287, roc_auc: 0.6844171480025706, prc_auc: 0.686532266215765, TN: 1738, FP: 971, FN: 1125, TP: 1693
Trial 42 finished with value: 0.686532266215765 and parameters: {'C': 4, 'gamma': 0.0008}. Best is trial 16 with value: 0.7092134530597741.
ACC_train: 0.6503708393632417, FPR_train: 0.344014401440144, Pre_train: 0.6498396701786532, MCC_train: 0.3007074308172981, roc_auc_train: 0.7090410163539531, prc_auc_train: 0.6970197668548346, TN_train: 7288, FP_train: 3822, FN_train: 3909, TP_train: 7093
ACC: 0.6424823593269404, FPR: 0.34957548911037284, Pre: 0.653874269005848, MCC: 0.2852305621455594, roc_auc: 0.7044759326808281, prc_auc: 0.7030099436543348, TN: 1762, FP: 947, FN: 1029, TP: 1789
Trial 43 finished with value: 0.7030099436543348 and parameters: {'C': 21, 'gamma': 0.0008}. Best is trial 16 with value: 0.7092134530597741.
ACC_train: 0.6164526049204052, FPR_train: 0.3684968496849685, Pre_train: 0.6177047343356056, MCC_train: 0.23286941489015636, roc_auc_train: 0.670760504063495, prc_auc_train: 0.6662777055060198, TN_train: 7016, FP_train: 4094, FN_train: 4387, TP_train: 6615
ACC: 0.6191423918943368, FPR: 0.3536360280546327, Pre: 0.6356028908330164, MCC: 0.23957508373006828, roc_auc: 0.6751091372998713, prc_auc: 0.679055756323304, TN: 1751, FP: 958, FN: 1147, TP: 1671
Trial 44 finished with value: 0.679055756323304 and parameters: {'C': 18, 'gamma': 0.0001}. Best is trial 16 with value: 0.7092134530597741.
ACC_train: 0.6133321273516642, FPR_train: 0.3675067506750675, Pre_train: 0.6154643058956489, MCC_train: 0.2266513909067959, roc_auc_train: 0.6633781706656395, prc_auc_train: 0.6600033518850665, TN_train: 7027, FP_train: 4083, FN_train: 4467, TP_train: 6535
ACC: 0.6162475122127736, FPR: 0.3506829088224437, Pre: 0.634193299961494, MCC: 0.23415406620250442, roc_auc: 0.6685451800781822, prc_auc: 0.6740157649163943, TN: 1759, FP: 950, FN: 1171, TP: 1647
Trial 45 finished with value: 0.6740157649163943 and parameters: {'C': 4, 'gamma': 0.00030000000000000003}. Best is trial 16 with value: 0.7092134530597741.
ACC_train: 0.6335473950795948, FPR_train: 0.36084608460846085, Pre_train: 0.6327745717688009, MCC_train: 0.26705767607012265, roc_auc_train: 0.6908525428074529, prc_auc_train: 0.6826805806364011, TN_train: 7101, FP_train: 4009, FN_train: 4094, TP_train: 6908
ACC: 0.6236656413967795, FPR: 0.3613879660391288, Pre: 0.6368694362017804, MCC: 0.24793516430894075, roc_auc: 0.690367662296459, prc_auc: 0.6916459863184032, TN: 1730, FP: 979, FN: 1101, TP: 1717
Trial 46 finished with value: 0.6916459863184032 and parameters: {'C': 11, 'gamma': 0.0005}. Best is trial 16 with value: 0.7092134530597741.
ACC_train: 0.6212463820549927, FPR_train: 0.3638163816381638, Pre_train: 0.6226309401549809, MCC_train: 0.24246131924099276, roc_auc_train: 0.6759621522050405, prc_auc_train: 0.6702992664119416, TN_train: 7068, FP_train: 4042, FN_train: 4333, TP_train: 6669
ACC: 0.6200470417948254, FPR: 0.3521594684385382, Pre: 0.6367098248286367, MCC: 0.24142125012919785, roc_auc: 0.6794920514406544, prc_auc: 0.6827232740144682, TN: 1755, FP: 954, FN: 1146, TP: 1672
Trial 47 finished with value: 0.6827232740144682 and parameters: {'C': 24, 'gamma': 0.0001}. Best is trial 16 with value: 0.7092134530597741.
ACC_train: 0.6046942836468886, FPR_train: 0.36975697569756977, Pre_train: 0.6079030256752888, MCC_train: 0.20942265366882587, roc_auc_train: 0.6506341085844632, prc_auc_train: 0.6501185675897186, TN_train: 7002, FP_train: 4108, FN_train: 4633, TP_train: 6369
ACC: 0.6073819431879862, FPR: 0.35658914728682173, Pre: 0.6255813953488372, MCC: 0.21659346431485452, roc_auc: 0.6568026537203093, prc_auc: 0.6660076846954843, TN: 1743, FP: 966, FN: 1204, TP: 1614
Trial 48 finished with value: 0.6660076846954843 and parameters: {'C': 6, 'gamma': 0.0001}. Best is trial 16 with value: 0.7092134530597741.
ACC_train: 0.6188947178002895, FPR_train: 0.36588658865886586, Pre_train: 0.6202709014479215, MCC_train: 0.23775705639129505, roc_auc_train: 0.6737037296712765, prc_auc_train: 0.6686619137406107, TN_train: 7045, FP_train: 4065, FN_train: 4362, TP_train: 6640
ACC: 0.6195042518545323, FPR: 0.3532668881506091, Pre: 0.6359832635983264, MCC: 0.24029980329187325, roc_auc: 0.677563694972545, prc_auc: 0.6811338490196073, TN: 1752, FP: 957, FN: 1146, TP: 1672
Trial 49 finished with value: 0.6811338490196073 and parameters: {'C': 7, 'gamma': 0.00030000000000000003}. Best is trial 16 with value: 0.7092134530597741.
ACC_train: 0.6502803907380608, FPR_train: 0.34374437443744377, Pre_train: 0.6498578894288072, MCC_train: 0.3005258346340209, roc_auc_train: 0.7085475130861569, prc_auc_train: 0.696742876298122, TN_train: 7291, FP_train: 3819, FN_train: 3914, TP_train: 7088
ACC: 0.6404921295458658, FPR: 0.35142118863049093, Pre: 0.6519195612431444, MCC: 0.28125730057559306, roc_auc: 0.7041179927277604, prc_auc: 0.7029361681980308, TN: 1757, FP: 952, FN: 1035, TP: 1783
Trial 50 finished with value: 0.7029361681980308 and parameters: {'C': 15, 'gamma': 0.001}. Best is trial 16 with value: 0.7092134530597741.
ACC_train: 0.6509587554269175, FPR_train: 0.34293429342934295, Pre_train: 0.6505869405722671, MCC_train: 0.30188249323882765, roc_auc_train: 0.7097527190457639, prc_auc_train: 0.6976706344463192, TN_train: 7300, FP_train: 3810, FN_train: 3908, TP_train: 7094
ACC: 0.6428442192871359, FPR: 0.3477297895902547, Pre: 0.6546920821114369, MCC: 0.2860210026897949, roc_auc: 0.7050029198468633, prc_auc: 0.7034621421957472, TN: 1767, FP: 942, FN: 1032, TP: 1786
Trial 51 finished with value: 0.7034621421957472 and parameters: {'C': 22, 'gamma': 0.0008}. Best is trial 16 with value: 0.7092134530597741.
ACC_train: 0.6046490593342981, FPR_train: 0.36966696669666965, Pre_train: 0.6078861943860989, MCC_train: 0.2093337431529327, roc_auc_train: 0.6506507449508813, prc_auc_train: 0.6501467544368899, TN_train: 7003, FP_train: 4107, FN_train: 4635, TP_train: 6367
ACC: 0.6077438031481817, FPR: 0.3562200073827981, Pre: 0.625968992248062, MCC: 0.2173189261109396, roc_auc: 0.6568240711703831, prc_auc: 0.6660354980786274, TN: 1744, FP: 965, FN: 1203, TP: 1615
Trial 52 finished with value: 0.6660354980786274 and parameters: {'C': 3, 'gamma': 0.0002}. Best is trial 16 with value: 0.7092134530597741.
ACC_train: 0.6372105643994211, FPR_train: 0.3557155715571557, Pre_train: 0.6368981991914737, MCC_train: 0.2743816221625165, roc_auc_train: 0.69396338788578, prc_auc_train: 0.6849336309892062, TN_train: 7158, FP_train: 3952, FN_train: 4070, TP_train: 6932
ACC: 0.6292744707798082, FPR: 0.3580657069029162, Pre: 0.6419342930970838, MCC: 0.2590386224086523, roc_auc: 0.6927005269347687, prc_auc: 0.6937477043565863, TN: 1739, FP: 970, FN: 1079, TP: 1739
Trial 53 finished with value: 0.6937477043565863 and parameters: {'C': 17, 'gamma': 0.0004}. Best is trial 16 with value: 0.7092134530597741.
ACC_train: 0.6561143270622286, FPR_train: 0.3397839783978398, Pre_train: 0.6551881622214103, MCC_train: 0.3121995623193239, roc_auc_train: 0.7141421549899036, prc_auc_train: 0.7017821332411116, TN_train: 7335, FP_train: 3775, FN_train: 3829, TP_train: 7173
ACC: 0.64646281888909, FPR: 0.34256183093392395, Pre: 0.6588235294117647, MCC: 0.2933294534352848, roc_auc: 0.7085255991580781, prc_auc: 0.7066937141694334, TN: 1781, FP: 928, FN: 1026, TP: 1792
Trial 54 finished with value: 0.7066937141694334 and parameters: {'C': 29, 'gamma': 0.0008}. Best is trial 16 with value: 0.7092134530597741.
ACC_train: 0.6560238784370478, FPR_train: 0.33960396039603963, Pre_train: 0.6551818680314385, MCC_train: 0.31201770369260096, roc_auc_train: 0.7150903706076843, prc_auc_train: 0.7026875369751417, TN_train: 7337, FP_train: 3773, FN_train: 3833, TP_train: 7169
ACC: 0.6453772390085037, FPR: 0.3429309708379476, Pre: 0.6579528718703976, MCC: 0.29119309822272565, roc_auc: 0.7092615865785027, prc_auc: 0.7074807490110945, TN: 1780, FP: 929, FN: 1031, TP: 1787
Trial 55 finished with value: 0.7074807490110945 and parameters: {'C': 26, 'gamma': 0.0009000000000000001}. Best is trial 16 with value: 0.7092134530597741.
ACC_train: 0.6306982633863966, FPR_train: 0.363006300630063, Pre_train: 0.6300678774536782, MCC_train: 0.2613569665027383, roc_auc_train: 0.6881808372620575, prc_auc_train: 0.6803613448850818, TN_train: 7077, FP_train: 4033, FN_train: 4133, TP_train: 6869
ACC: 0.6234847114166817, FPR: 0.3613879660391288, Pre: 0.636734693877551, MCC: 0.24758247166158437, roc_auc: 0.688411535189722, prc_auc: 0.6897076593418918, TN: 1730, FP: 979, FN: 1102, TP: 1716
Trial 56 finished with value: 0.6897076593418918 and parameters: {'C': 16, 'gamma': 0.00030000000000000003}. Best is trial 16 with value: 0.7092134530597741.
ACC_train: 0.6379793777134588, FPR_train: 0.3556255625562556, Pre_train: 0.6374896779521056, MCC_train: 0.2759205095309841, roc_auc_train: 0.6947961143142127, prc_auc_train: 0.6856097189414558, TN_train: 7159, FP_train: 3951, FN_train: 4054, TP_train: 6948
ACC: 0.6301791206802967, FPR: 0.3569582871908453, Pre: 0.6429098966026587, MCC: 0.26085764472264117, roc_auc: 0.6932643232963434, prc_auc: 0.6941297711816004, TN: 1742, FP: 967, FN: 1077, TP: 1741
Trial 57 finished with value: 0.6941297711816004 and parameters: {'C': 18, 'gamma': 0.0004}. Best is trial 16 with value: 0.7092134530597741.
ACC_train: 0.6446725759768451, FPR_train: 0.35094509450945094, Pre_train: 0.6436991684181669, MCC_train: 0.28931379412998454, roc_auc_train: 0.7040816938447163, prc_auc_train: 0.6931135208745003, TN_train: 7211, FP_train: 3899, FN_train: 3958, TP_train: 7044
ACC: 0.6381400398045957, FPR: 0.35105204872646734, Pre: 0.6503676470588236, MCC: 0.27667859435270514, roc_auc: 0.7003113848352926, prc_auc: 0.69966869011115, TN: 1758, FP: 951, FN: 1049, TP: 1769
Trial 58 finished with value: 0.69966869011115 and parameters: {'C': 13, 'gamma': 0.0009000000000000001}. Best is trial 16 with value: 0.7092134530597741.
ACC_train: 0.6046942836468886, FPR_train: 0.36975697569756977, Pre_train: 0.6079030256752888, MCC_train: 0.20942265366882587, roc_auc_train: 0.6506341085844632, prc_auc_train: 0.6501185675897186, TN_train: 7002, FP_train: 4108, FN_train: 4633, TP_train: 6369
ACC: 0.6073819431879862, FPR: 0.35658914728682173, Pre: 0.6255813953488372, MCC: 0.21659346431485452, roc_auc: 0.6568026537203093, prc_auc: 0.6660076846954843, TN: 1743, FP: 966, FN: 1204, TP: 1614
Trial 59 finished with value: 0.6660076846954843 and parameters: {'C': 6, 'gamma': 0.0001}. Best is trial 16 with value: 0.7092134530597741.
ACC_train: 0.6299746743849494, FPR_train: 0.36336633663366336, Pre_train: 0.6294290435101891, MCC_train: 0.2599087844491377, roc_auc_train: 0.687319574986039, prc_auc_train: 0.6796564867667216, TN_train: 7073, FP_train: 4037, FN_train: 4145, TP_train: 6857
ACC: 0.6238465713768772, FPR: 0.36064968623108157, Pre: 0.6372075751949499, MCC: 0.24832535734707503, roc_auc: 0.6878657504451816, prc_auc: 0.689316778549571, TN: 1732, FP: 977, FN: 1102, TP: 1716
Trial 60 finished with value: 0.689316778549571 and parameters: {'C': 23, 'gamma': 0.0002}. Best is trial 16 with value: 0.7092134530597741.
ACC_train: 0.6437680897250362, FPR_train: 0.35094509450945094, Pre_train: 0.6430467820195916, MCC_train: 0.2875016562339555, roc_auc_train: 0.7024769123885666, prc_auc_train: 0.6912396511006144, TN_train: 7211, FP_train: 3899, FN_train: 3978, TP_train: 7024
ACC: 0.6374163198842048, FPR: 0.35252860834256183, Pre: 0.6494126284875184, MCC: 0.2751961557665557, roc_auc: 0.6991827441635157, prc_auc: 0.698299044470543, TN: 1754, FP: 955, FN: 1049, TP: 1769
Trial 61 finished with value: 0.698299044470543 and parameters: {'C': 24, 'gamma': 0.0005}. Best is trial 16 with value: 0.7092134530597741.
ACC_train: 0.6240050651230101, FPR_train: 0.36210621062106213, Pre_train: 0.6252096143096703, MCC_train: 0.2479760295636266, roc_auc_train: 0.6794475589169533, prc_auc_train: 0.6729734328973328, TN_train: 7087, FP_train: 4023, FN_train: 4291, TP_train: 6711
ACC: 0.6198661118147277, FPR: 0.357327427094869, Pre: 0.6351300414624953, MCC: 0.240760125418944, roc_auc: 0.6822925631539691, prc_auc: 0.6847734951124533, TN: 1741, FP: 968, FN: 1133, TP: 1685
Trial 62 finished with value: 0.6847734951124533 and parameters: {'C': 29, 'gamma': 0.0001}. Best is trial 16 with value: 0.7092134530597741.
ACC_train: 0.6300198986975398, FPR_train: 0.3639063906390639, Pre_train: 0.6293206197854588, MCC_train: 0.2600006868525952, roc_auc_train: 0.6872170038309048, prc_auc_train: 0.6795947702449265, TN_train: 7067, FP_train: 4043, FN_train: 4138, TP_train: 6864
ACC: 0.6238465713768772, FPR: 0.36028054632705797, Pre: 0.6373095503530286, MCC: 0.24834429078608572, roc_auc: 0.6878506206868727, prc_auc: 0.6893769385144755, TN: 1733, FP: 976, FN: 1103, TP: 1715
Trial 63 finished with value: 0.6893769385144755 and parameters: {'C': 15, 'gamma': 0.00030000000000000003}. Best is trial 16 with value: 0.7092134530597741.
ACC_train: 0.6394265557163531, FPR_train: 0.35625562556255624, Pre_train: 0.6383736866148927, MCC_train: 0.2788214529941861, roc_auc_train: 0.6981703555740049, prc_auc_train: 0.6880719611387549, TN_train: 7152, FP_train: 3958, FN_train: 4015, TP_train: 6987
ACC: 0.6325312104215669, FPR: 0.35437430786268, Pre: 0.6453638714444034, MCC: 0.26557277581319266, roc_auc: 0.6958452897722048, prc_auc: 0.6957247038902764, TN: 1749, FP: 960, FN: 1071, TP: 1747
Trial 64 finished with value: 0.6957247038902764 and parameters: {'C': 23, 'gamma': 0.0004}. Best is trial 16 with value: 0.7092134530597741.
ACC_train: 0.6491045586107091, FPR_train: 0.34518451845184517, Pre_train: 0.648584257307798, MCC_train: 0.2981744423850934, roc_auc_train: 0.7076915726475392, prc_auc_train: 0.695683972120447, TN_train: 7275, FP_train: 3835, FN_train: 3924, TP_train: 7078
ACC: 0.6419395693866473, FPR: 0.34846806939830194, Pre: 0.6538320498716539, MCC: 0.28421967997316444, roc_auc: 0.7035542618629749, prc_auc: 0.7021538434302955, TN: 1765, FP: 944, FN: 1035, TP: 1783
Trial 65 finished with value: 0.7021538434302955 and parameters: {'C': 28, 'gamma': 0.0006000000000000001}. Best is trial 16 with value: 0.7092134530597741.
ACC_train: 0.6389743125904487, FPR_train: 0.3543654365436544, Pre_train: 0.6385752318002387, MCC_train: 0.2779101358319294, roc_auc_train: 0.696432765436151, prc_auc_train: 0.6873541227330435, TN_train: 7173, FP_train: 3937, FN_train: 4046, TP_train: 6956
ACC: 0.6312647005608829, FPR: 0.3569582871908453, Pre: 0.6436993367722919, MCC: 0.2629759785822718, roc_auc: 0.6946220062400101, prc_auc: 0.6955628208215456, TN: 1742, FP: 967, FN: 1071, TP: 1747
Trial 66 finished with value: 0.6955628208215456 and parameters: {'C': 8, 'gamma': 0.0009000000000000001}. Best is trial 16 with value: 0.7092134530597741.
ACC_train: 0.6063223589001447, FPR_train: 0.3702970297029703, Pre_train: 0.6091211401425178, MCC_train: 0.21265808262748376, roc_auc_train: 0.6535722455175894, prc_auc_train: 0.6521754725221175, TN_train: 6996, FP_train: 4114, FN_train: 4591, TP_train: 6411
ACC: 0.6113624027501356, FPR: 0.3532668881506091, Pre: 0.6296439628482973, MCC: 0.22452349219143755, roc_auc: 0.6592887153485961, prc_auc: 0.6674651047460191, TN: 1752, FP: 957, FN: 1191, TP: 1627
Trial 67 finished with value: 0.6674651047460191 and parameters: {'C': 1, 'gamma': 0.0007000000000000001}. Best is trial 16 with value: 0.7092134530597741.
ACC_train: 0.6446725759768451, FPR_train: 0.35094509450945094, Pre_train: 0.6436991684181669, MCC_train: 0.28931379412998454, roc_auc_train: 0.7040816938447163, prc_auc_train: 0.6931135208745003, TN_train: 7211, FP_train: 3899, FN_train: 3958, TP_train: 7044
ACC: 0.6381400398045957, FPR: 0.35105204872646734, Pre: 0.6503676470588236, MCC: 0.27667859435270514, roc_auc: 0.7003113848352926, prc_auc: 0.69966869011115, TN: 1758, FP: 951, FN: 1049, TP: 1769
Trial 68 finished with value: 0.69966869011115 and parameters: {'C': 13, 'gamma': 0.0009000000000000001}. Best is trial 16 with value: 0.7092134530597741.
ACC_train: 0.6400596960926194, FPR_train: 0.3551755175517552, Pre_train: 0.639140374942844, MCC_train: 0.2800860529561211, roc_auc_train: 0.6990929191992096, prc_auc_train: 0.6891373921180195, TN_train: 7164, FP_train: 3946, FN_train: 4013, TP_train: 6989
ACC: 0.6321693504613715, FPR: 0.35400516795865633, Pre: 0.6452090270070292, MCC: 0.26488544055394386, roc_auc: 0.6965900537623845, prc_auc: 0.6968826264875851, TN: 1750, FP: 959, FN: 1074, TP: 1744
Trial 69 finished with value: 0.6968826264875851 and parameters: {'C': 11, 'gamma': 0.0008}. Best is trial 16 with value: 0.7092134530597741.
ACC_train: 0.6081313314037626, FPR_train: 0.3719171917191719, Pre_train: 0.6102254504292048, MCC_train: 0.21624743659803497, roc_auc_train: 0.65592102066051, prc_auc_train: 0.6538776623351399, TN_train: 6978, FP_train: 4132, FN_train: 4533, TP_train: 6469
ACC: 0.6148000723719921, FPR: 0.3517903285345146, Pre: 0.6327552986512525, MCC: 0.2312778376583592, roc_auc: 0.6614655666349925, prc_auc: 0.6689493263888528, TN: 1756, FP: 953, FN: 1176, TP: 1642
Trial 70 finished with value: 0.6689493263888528 and parameters: {'C': 1, 'gamma': 0.0008}. Best is trial 16 with value: 0.7092134530597741.
ACC_train: 0.6135130246020261, FPR_train: 0.3666966696669667, Pre_train: 0.6158053564692569, MCC_train: 0.227018873271778, roc_auc_train: 0.6635185100949651, prc_auc_train: 0.6601875333320619, TN_train: 7036, FP_train: 4074, FN_train: 4472, TP_train: 6530
ACC: 0.6166093721729691, FPR: 0.34994462901439644, Pre: 0.6346820809248555, MCC: 0.23490388782202926, roc_auc: 0.668612641771075, prc_auc: 0.6741200760717272, TN: 1761, FP: 948, FN: 1171, TP: 1647
