A new study created in memory with name: no-name-59ae3fa3-e8c8-42d4-b12f-a313e275761a
Start optimization.
ACC_train: 0.6532199710564399, FPR_train: 0.34212421242124214, Pre_train: 0.6524323335771763, MCC_train: 0.3064086330077091, roc_auc_train: 0.7116441515993083, prc_auc_train: 0.6994242248399538, TN_train: 7309, FP_train: 3801, FN_train: 3867, TP_train: 7135
ACC: 0.6437488691876244, FPR: 0.34551495016611294, Pre: 0.6560088202866593, MCC: 0.2878910654502054, roc_auc: 0.7066010415037434, prc_auc: 0.7048790444489907, TN: 1773, FP: 936, FN: 1033, TP: 1785
Trial 0 finished with value: 0.7048790444489907 and parameters: {'C': 30, 'gamma': 0.0007000000000000001}. Best is trial 0 with value: 0.7048790444489907.
ACC_train: 0.6444012301013025, FPR_train: 0.35022502250225024, Pre_train: 0.6437139456093764, MCC_train: 0.28876779332231695, roc_auc_train: 0.7033815020294977, prc_auc_train: 0.6922844928459264, TN_train: 7219, FP_train: 3891, FN_train: 3972, TP_train: 7030
ACC: 0.6381400398045957, FPR: 0.3506829088224437, Pre: 0.6504782928623988, MCC: 0.2766960970497311, roc_auc: 0.699874783238376, prc_auc: 0.699156231467288, TN: 1759, FP: 950, FN: 1050, TP: 1768
Trial 1 finished with value: 0.699156231467288 and parameters: {'C': 17, 'gamma': 0.0007000000000000001}. Best is trial 0 with value: 0.7048790444489907.
ACC_train: 0.6389743125904487, FPR_train: 0.35607560756075607, Pre_train: 0.6380934955630775, MCC_train: 0.2779144815784283, roc_auc_train: 0.6961671358010189, prc_auc_train: 0.68641749592175, TN_train: 7154, FP_train: 3956, FN_train: 4027, TP_train: 6975
ACC: 0.6309028406006876, FPR: 0.357327427094869, Pre: 0.6433308769344142, MCC: 0.26225200173129665, roc_auc: 0.6944224375232678, prc_auc: 0.6945758422445767, TN: 1741, FP: 968, FN: 1072, TP: 1746
Trial 2 finished with value: 0.6945758422445767 and parameters: {'C': 20, 'gamma': 0.0004}. Best is trial 0 with value: 0.7048790444489907.
ACC_train: 0.6538078871201157, FPR_train: 0.34113411341134114, Pre_train: 0.6531527409169946, MCC_train: 0.3075833920899478, roc_auc_train: 0.7123045503059667, prc_auc_train: 0.7001462282709152, TN_train: 7320, FP_train: 3790, FN_train: 3865, TP_train: 7137
ACC: 0.6435679392075266, FPR: 0.34809892949427834, Pre: 0.65508412582297, MCC: 0.28741867344173244, roc_auc: 0.7068965630166878, prc_auc: 0.7054139332528746, TN: 1766, FP: 943, FN: 1027, TP: 1791
Trial 3 finished with value: 0.7054139332528746 and parameters: {'C': 22, 'gamma': 0.0009000000000000001}. Best is trial 3 with value: 0.7054139332528746.
ACC_train: 0.648787988422576, FPR_train: 0.34545454545454546, Pre_train: 0.6482771260997068, MCC_train: 0.2975411490380307, roc_auc_train: 0.7075502964766573, prc_auc_train: 0.6957228749937014, TN_train: 7272, FP_train: 3838, FN_train: 3928, TP_train: 7074
ACC: 0.6413967794463543, FPR: 0.34957548911037284, Pre: 0.6531135531135531, MCC: 0.28310848594587973, roc_auc: 0.7034203864258166, prc_auc: 0.7020958000828217, TN: 1762, FP: 947, FN: 1035, TP: 1783
Trial 4 finished with value: 0.7020958000828217 and parameters: {'C': 19, 'gamma': 0.0008}. Best is trial 3 with value: 0.7054139332528746.
ACC_train: 0.6000814037626628, FPR_train: 0.37857785778577857, Pre_train: 0.60211900482452, MCC_train: 0.20014360073148946, roc_auc_train: 0.6436240583702071, prc_auc_train: 0.6452469524354495, TN_train: 6904, FP_train: 4206, FN_train: 4637, TP_train: 6365
ACC: 0.6037633435860322, FPR: 0.3654485049833887, Pre: 0.620398773006135, MCC: 0.20900812355114876, roc_auc: 0.6505147654651674, prc_auc: 0.6618994246161294, TN: 1719, FP: 990, FN: 1200, TP: 1618
Trial 5 finished with value: 0.6618994246161294 and parameters: {'C': 4, 'gamma': 0.0001}. Best is trial 3 with value: 0.7054139332528746.
ACC_train: 0.6494663531114327, FPR_train: 0.34464446444644464, Pre_train: 0.6490054083784031, MCC_train: 0.2988977517928873, roc_auc_train: 0.7083632408868954, prc_auc_train: 0.6963284185797491, TN_train: 7281, FP_train: 3829, FN_train: 3922, TP_train: 7080
ACC: 0.6424823593269404, FPR: 0.3488372093023256, Pre: 0.654099560761347, MCC: 0.2852635227485669, roc_auc: 0.7040052072567299, prc_auc: 0.7025822527243757, TN: 1764, FP: 945, FN: 1031, TP: 1787
Trial 6 finished with value: 0.7025822527243757 and parameters: {'C': 24, 'gamma': 0.0007000000000000001}. Best is trial 3 with value: 0.7054139332528746.
ACC_train: 0.6405119392185239, FPR_train: 0.35544554455445543, Pre_train: 0.6393936626792074, MCC_train: 0.2809935163339745, roc_auc_train: 0.7005126021600524, prc_auc_train: 0.6902146885385021, TN_train: 7161, FP_train: 3949, FN_train: 4000, TP_train: 7002
ACC: 0.6356070200832278, FPR: 0.35252860834256183, Pre: 0.6481208548268239, MCC: 0.27166370079397384, roc_auc: 0.6976064984342336, prc_auc: 0.697614005640173, TN: 1754, FP: 955, FN: 1059, TP: 1759
Trial 7 finished with value: 0.697614005640173 and parameters: {'C': 12, 'gamma': 0.0008}. Best is trial 3 with value: 0.7054139332528746.
ACC_train: 0.6417782199710564, FPR_train: 0.3556255625562556, Pre_train: 0.6402622234362196, MCC_train: 0.28353375309031775, roc_auc_train: 0.7016929087927881, prc_auc_train: 0.6911514245599002, TN_train: 7159, FP_train: 3951, FN_train: 3970, TP_train: 7032
ACC: 0.6365116699837163, FPR: 0.35142118863049093, Pre: 0.6490969406561002, MCC: 0.27348257293520606, roc_auc: 0.6983801465084578, prc_auc: 0.6980314466578166, TN: 1757, FP: 952, FN: 1057, TP: 1761
Trial 8 finished with value: 0.6980314466578166 and parameters: {'C': 13, 'gamma': 0.0008}. Best is trial 3 with value: 0.7054139332528746.
ACC_train: 0.6465267727930536, FPR_train: 0.34725472547254727, Pre_train: 0.6461199779856907, MCC_train: 0.2930174344454423, roc_auc_train: 0.7058619445838421, prc_auc_train: 0.694269591702529, TN_train: 7252, FP_train: 3858, FN_train: 3958, TP_train: 7044
ACC: 0.6390446897050841, FPR: 0.35105204872646734, Pre: 0.6510091743119266, MCC: 0.27844530098395454, roc_auc: 0.7018315653130053, prc_auc: 0.7007876134939344, TN: 1758, FP: 951, FN: 1044, TP: 1774
Trial 9 finished with value: 0.7007876134939344 and parameters: {'C': 17, 'gamma': 0.0008}. Best is trial 3 with value: 0.7054139332528746.
ACC_train: 0.6364417510853835, FPR_train: 0.3567056705670567, Pre_train: 0.636054734135366, MCC_train: 0.27284410805911496, roc_auc_train: 0.6935182106649131, prc_auc_train: 0.6846587914278689, TN_train: 7147, FP_train: 3963, FN_train: 4076, TP_train: 6926
ACC: 0.6283698208793197, FPR: 0.3576965669988926, Pre: 0.6413767579570688, MCC: 0.25729227672894966, roc_auc: 0.6925343615805266, prc_auc: 0.6935493281163247, TN: 1740, FP: 969, FN: 1085, TP: 1733
Trial 10 finished with value: 0.6935493281163247 and parameters: {'C': 13, 'gamma': 0.0005}. Best is trial 3 with value: 0.7054139332528746.
ACC_train: 0.6401049204052098, FPR_train: 0.35553555355535554, Pre_train: 0.6390716374269005, MCC_train: 0.28017808073715644, roc_auc_train: 0.69863520845813, prc_auc_train: 0.6886270493053017, TN_train: 7160, FP_train: 3950, FN_train: 4008, TP_train: 6994
ACC: 0.6336167903021531, FPR: 0.3521594684385382, Pre: 0.6467974824139208, MCC: 0.267800171696202, roc_auc: 0.6962832013049056, prc_auc: 0.6962843590996792, TN: 1755, FP: 954, FN: 1071, TP: 1747
Trial 11 finished with value: 0.6962843590996792 and parameters: {'C': 15, 'gamma': 0.0006000000000000001}. Best is trial 3 with value: 0.7054139332528746.
ACC_train: 0.6276682344428365, FPR_train: 0.3624662466246625, Pre_train: 0.6279220179247899, MCC_train: 0.25529327930055035, roc_auc_train: 0.6833800040611223, prc_auc_train: 0.6763267294247735, TN_train: 7083, FP_train: 4027, FN_train: 4206, TP_train: 6796
ACC: 0.6213135516555093, FPR: 0.3595422665190107, Pre: 0.6356154133931912, MCC: 0.24345084706586487, roc_auc: 0.6852194181736821, prc_auc: 0.6870467413125801, TN: 1735, FP: 974, FN: 1119, TP: 1699
Trial 12 finished with value: 0.6870467413125801 and parameters: {'C': 7, 'gamma': 0.0005}. Best is trial 3 with value: 0.7054139332528746.
ACC_train: 0.6299294500723589, FPR_train: 0.3637263726372637, Pre_train: 0.6293000642142923, MCC_train: 0.25981905899003216, roc_auc_train: 0.6870675465110591, prc_auc_train: 0.6795149369008254, TN_train: 7069, FP_train: 4041, FN_train: 4142, TP_train: 6860
ACC: 0.6240275013569748, FPR: 0.3595422665190107, Pre: 0.6376488095238095, MCC: 0.2487350020392624, roc_auc: 0.6877781157412102, prc_auc: 0.6892841670738292, TN: 1735, FP: 974, FN: 1104, TP: 1714
Trial 13 finished with value: 0.6892841670738292 and parameters: {'C': 11, 'gamma': 0.0004}. Best is trial 3 with value: 0.7054139332528746.
ACC_train: 0.6299294500723589, FPR_train: 0.3637263726372637, Pre_train: 0.6293000642142923, MCC_train: 0.25981905899003216, roc_auc_train: 0.6870675465110591, prc_auc_train: 0.6795149369008254, TN_train: 7069, FP_train: 4041, FN_train: 4142, TP_train: 6860
ACC: 0.6240275013569748, FPR: 0.3595422665190107, Pre: 0.6376488095238095, MCC: 0.2487350020392624, roc_auc: 0.6877781157412102, prc_auc: 0.6892841670738292, TN: 1735, FP: 974, FN: 1104, TP: 1714
Trial 14 finished with value: 0.6892841670738292 and parameters: {'C': 11, 'gamma': 0.0004}. Best is trial 3 with value: 0.7054139332528746.
ACC_train: 0.6487427641099855, FPR_train: 0.34518451845184517, Pre_train: 0.6483264557542412, MCC_train: 0.2974501119101527, roc_auc_train: 0.7073089362199263, prc_auc_train: 0.6955558931175427, TN_train: 7275, FP_train: 3835, FN_train: 3932, TP_train: 7070
ACC: 0.6404921295458658, FPR: 0.34994462901439644, Pre: 0.6523652365236524, MCC: 0.2813239845855427, roc_auc: 0.7030441728685576, prc_auc: 0.7018488517427941, TN: 1761, FP: 948, FN: 1039, TP: 1779
Trial 15 finished with value: 0.7018488517427941 and parameters: {'C': 16, 'gamma': 0.0009000000000000001}. Best is trial 3 with value: 0.7054139332528746.
ACC_train: 0.6585112156295224, FPR_train: 0.3378037803780378, Pre_train: 0.6574792370174318, MCC_train: 0.31699518564985474, roc_auc_train: 0.7175685265308933, prc_auc_train: 0.7048859468178987, TN_train: 7357, FP_train: 3753, FN_train: 3798, TP_train: 7204
ACC: 0.6457390989686991, FPR: 0.3444075304540421, Pre: 0.6577402787967719, MCC: 0.29182943287782875, roc_auc: 0.7110757166462185, prc_auc: 0.7092134530597741, TN: 1776, FP: 933, FN: 1025, TP: 1793
Trial 16 finished with value: 0.7092134530597741 and parameters: {'C': 26, 'gamma': 0.001}. Best is trial 16 with value: 0.7092134530597741.
ACC_train: 0.6254070188133141, FPR_train: 0.3612961296129613, Pre_train: 0.6265004187215036, MCC_train: 0.2507784842116365, roc_auc_train: 0.6814796458740584, prc_auc_train: 0.675096037242828, TN_train: 7096, FP_train: 4014, FN_train: 4269, TP_train: 6733
ACC: 0.6204089017550208, FPR: 0.3580657069029162, Pre: 0.6353383458646616, MCC: 0.24177303224922794, roc_auc: 0.6837486222750389, prc_auc: 0.6862151547351213, TN: 1739, FP: 970, FN: 1128, TP: 1690
Trial 17 finished with value: 0.6862151547351213 and parameters: {'C': 3, 'gamma': 0.001}. Best is trial 16 with value: 0.7092134530597741.
ACC_train: 0.6169952966714906, FPR_train: 0.3666066606660666, Pre_train: 0.6185972469332335, MCC_train: 0.23396289438074366, roc_auc_train: 0.6712578688336022, prc_auc_train: 0.666824236533305, TN_train: 7037, FP_train: 4073, FN_train: 4396, TP_train: 6606
ACC: 0.6193233218744346, FPR: 0.35252860834256183, Pre: 0.6360518292682927, MCC: 0.23999475324430591, roc_auc: 0.6754971402791892, prc_auc: 0.6794593992665837, TN: 1754, FP: 955, FN: 1149, TP: 1669
Trial 18 finished with value: 0.6794593992665837 and parameters: {'C': 3, 'gamma': 0.0006000000000000001}. Best is trial 16 with value: 0.7092134530597741.
ACC_train: 0.6339091895803184, FPR_train: 0.3603960396039604, Pre_train: 0.6331653687585891, MCC_train: 0.267781060768339, roc_auc_train: 0.692516490332909, prc_auc_train: 0.6841264301708284, TN_train: 7106, FP_train: 4004, FN_train: 4091, TP_train: 6911
ACC: 0.6271033110186358, FPR: 0.3595422665190107, Pre: 0.6399260628465804, MCC: 0.2547307112601457, roc_auc: 0.6916714413826005, prc_auc: 0.6929508121606006, TN: 1735, FP: 974, FN: 1087, TP: 1731
Trial 19 finished with value: 0.6929508121606006 and parameters: {'C': 10, 'gamma': 0.0006000000000000001}. Best is trial 16 with value: 0.7092134530597741.
ACC_train: 0.6173118668596237, FPR_train: 0.36696669666966697, Pre_train: 0.6187581821582195, MCC_train: 0.23459239198572, roc_auc_train: 0.6717307515154352, prc_auc_train: 0.6669789367086405, TN_train: 7033, FP_train: 4077, FN_train: 4385, TP_train: 6617
ACC: 0.6189614619142392, FPR: 0.3536360280546327, Pre: 0.6354642313546424, MCC: 0.2392241090838266, roc_auc: 0.6759104250191447, prc_auc: 0.6796299623199646, TN: 1751, FP: 958, FN: 1148, TP: 1670
Trial 20 finished with value: 0.6796299623199646 and parameters: {'C': 19, 'gamma': 0.0001}. Best is trial 16 with value: 0.7092134530597741.
ACC_train: 0.6189851664254703, FPR_train: 0.3655265526552655, Pre_train: 0.6204318160575755, MCC_train: 0.2379395337623497, roc_auc_train: 0.6735790489610677, prc_auc_train: 0.6687229375966863, TN_train: 7049, FP_train: 4061, FN_train: 4364, TP_train: 6638
ACC: 0.6184186719739461, FPR: 0.3532668881506091, Pre: 0.6351505909264201, MCC: 0.23819431606060174, roc_auc: 0.677430212516122, prc_auc: 0.6811540334752687, TN: 1752, FP: 957, FN: 1152, TP: 1666
Trial 21 finished with value: 0.6811540334752687 and parameters: {'C': 2, 'gamma': 0.001}. Best is trial 16 with value: 0.7092134530597741.
ACC_train: 0.6321454413892909, FPR_train: 0.3613861386138614, Pre_train: 0.6315837768397872, MCC_train: 0.2642512198242346, roc_auc_train: 0.6891119420067802, prc_auc_train: 0.681188343828853, TN_train: 7095, FP_train: 4015, FN_train: 4119, TP_train: 6883
ACC: 0.6238465713768772, FPR: 0.3613879660391288, Pre: 0.6370040786058584, MCC: 0.24828788322176287, roc_auc: 0.6890539276983563, prc_auc: 0.6902928781503995, TN: 1730, FP: 979, FN: 1100, TP: 1718
Trial 22 finished with value: 0.6902928781503995 and parameters: {'C': 17, 'gamma': 0.00030000000000000003}. Best is trial 16 with value: 0.7092134530597741.
ACC_train: 0.6331403762662807, FPR_train: 0.36111611161116114, Pre_train: 0.632398753894081, MCC_train: 0.26624315718058916, roc_auc_train: 0.69003422747292, prc_auc_train: 0.6819383931287036, TN_train: 7098, FP_train: 4012, FN_train: 4100, TP_train: 6902
ACC: 0.6234847114166817, FPR: 0.36175710594315247, Pre: 0.6366332962550982, MCC: 0.24756381285042908, roc_auc: 0.6897487176383639, prc_auc: 0.6909265738586109, TN: 1729, FP: 980, FN: 1101, TP: 1717
Trial 23 finished with value: 0.6909265738586109 and parameters: {'C': 18, 'gamma': 0.00030000000000000003}. Best is trial 16 with value: 0.7092134530597741.
ACC_train: 0.6450795947901592, FPR_train: 0.3495049504950495, Pre_train: 0.6444139194139195, MCC_train: 0.2901245198854519, roc_auc_train: 0.7043763379246486, prc_auc_train: 0.6928351653280812, TN_train: 7227, FP_train: 3883, FN_train: 3965, TP_train: 7037
ACC: 0.6377781798444002, FPR: 0.3517903285345146, Pre: 0.6498897869213813, MCC: 0.27593729470551775, roc_auc: 0.7006133250335802, prc_auc: 0.6995759933398564, TN: 1756, FP: 953, FN: 1049, TP: 1769
Trial 24 finished with value: 0.6995759933398564 and parameters: {'C': 22, 'gamma': 0.0006000000000000001}. Best is trial 16 with value: 0.7092134530597741.
ACC_train: 0.6364417510853835, FPR_train: 0.3566156615661566, Pre_train: 0.6360797281161018, MCC_train: 0.27284397457058845, roc_auc_train: 0.6941975896371676, prc_auc_train: 0.6855138949100037, TN_train: 7148, FP_train: 3962, FN_train: 4077, TP_train: 6925
ACC: 0.6285507508594174, FPR: 0.3569582871908453, Pre: 0.6417191552426825, MCC: 0.2576820957220411, roc_auc: 0.6929804602118794, prc_auc: 0.6941350459123155, TN: 1742, FP: 967, FN: 1086, TP: 1732
Trial 25 finished with value: 0.6941350459123155 and parameters: {'C': 8, 'gamma': 0.0008}. Best is trial 16 with value: 0.7092134530597741.
ACC_train: 0.6412807525325616, FPR_train: 0.3551755175517552, Pre_train: 0.6400291917533297, MCC_train: 0.2825335603776562, roc_auc_train: 0.7019994114481435, prc_auc_train: 0.6916365555833529, TN_train: 7164, FP_train: 3946, FN_train: 3986, TP_train: 7016
ACC: 0.636692599963814, FPR: 0.35105204872646734, Pre: 0.6493362831858407, MCC: 0.2738535321163293, roc_auc: 0.6986903393021868, prc_auc: 0.6985248942892424, TN: 1758, FP: 951, FN: 1057, TP: 1761
Trial 26 finished with value: 0.6985248942892424 and parameters: {'C': 10, 'gamma': 0.001}. Best is trial 16 with value: 0.7092134530597741.
ACC_train: 0.6088549204052098, FPR_train: 0.3703870387038704, Pre_train: 0.611168855711991, MCC_train: 0.21770280102342643, roc_auc_train: 0.6582333815093925, prc_auc_train: 0.6558326151559475, TN_train: 6995, FP_train: 4115, FN_train: 4534, TP_train: 6468
ACC: 0.6162475122127736, FPR: 0.3477297895902547, Pre: 0.6350251840371949, MCC: 0.2343544842475779, roc_auc: 0.6635999105051872, prc_auc: 0.6704810600738818, TN: 1767, FP: 942, FN: 1179, TP: 1639
Trial 27 finished with value: 0.6704810600738818 and parameters: {'C': 1, 'gamma': 0.0009000000000000001}. Best is trial 16 with value: 0.7092134530597741.
ACC_train: 0.6276682344428365, FPR_train: 0.3624662466246625, Pre_train: 0.6279220179247899, MCC_train: 0.25529327930055035, roc_auc_train: 0.6833800040611223, prc_auc_train: 0.6763267294247735, TN_train: 7083, FP_train: 4027, FN_train: 4206, TP_train: 6796
ACC: 0.6213135516555093, FPR: 0.3595422665190107, Pre: 0.6356154133931912, MCC: 0.24345084706586487, roc_auc: 0.6852194181736821, prc_auc: 0.6870467413125801, TN: 1735, FP: 974, FN: 1119, TP: 1699
Trial 28 finished with value: 0.6870467413125801 and parameters: {'C': 7, 'gamma': 0.0005}. Best is trial 16 with value: 0.7092134530597741.
ACC_train: 0.6212463820549927, FPR_train: 0.3638163816381638, Pre_train: 0.6226309401549809, MCC_train: 0.24246131924099276, roc_auc_train: 0.6759621522050405, prc_auc_train: 0.6702992664119416, TN_train: 7068, FP_train: 4042, FN_train: 4333, TP_train: 6669
ACC: 0.6200470417948254, FPR: 0.3521594684385382, Pre: 0.6367098248286367, MCC: 0.24142125012919785, roc_auc: 0.6794920514406544, prc_auc: 0.6827232740144682, TN: 1755, FP: 954, FN: 1146, TP: 1672
Trial 29 finished with value: 0.6827232740144682 and parameters: {'C': 24, 'gamma': 0.0001}. Best is trial 16 with value: 0.7092134530597741.
ACC_train: 0.6377532561505065, FPR_train: 0.35544554455445543, Pre_train: 0.6373737373737374, MCC_train: 0.2754675152822801, roc_auc_train: 0.6947285216614736, prc_auc_train: 0.6856556015507015, TN_train: 7161, FP_train: 3949, FN_train: 4061, TP_train: 6941
ACC: 0.6301791206802967, FPR: 0.3576965669988926, Pre: 0.6426991150442478, MCC: 0.2608217763946715, roc_auc: 0.6932805010032799, prc_auc: 0.6943339373356263, TN: 1740, FP: 969, FN: 1075, TP: 1743
Trial 30 finished with value: 0.6943339373356263 and parameters: {'C': 14, 'gamma': 0.0005}. Best is trial 16 with value: 0.7092134530597741.
ACC_train: 0.6417782199710564, FPR_train: 0.3556255625562556, Pre_train: 0.6402622234362196, MCC_train: 0.28353375309031775, roc_auc_train: 0.7016929087927881, prc_auc_train: 0.6911514245599002, TN_train: 7159, FP_train: 3951, FN_train: 3970, TP_train: 7032
ACC: 0.6365116699837163, FPR: 0.35142118863049093, Pre: 0.6490969406561002, MCC: 0.27348257293520606, roc_auc: 0.6983801465084578, prc_auc: 0.6980314466578166, TN: 1757, FP: 952, FN: 1057, TP: 1761
Trial 31 finished with value: 0.6980314466578166 and parameters: {'C': 13, 'gamma': 0.0008}. Best is trial 16 with value: 0.7092134530597741.
ACC_train: 0.6152767727930536, FPR_train: 0.3673267326732673, Pre_train: 0.61705920990898, MCC_train: 0.23053019873105723, roc_auc_train: 0.6666620347728283, prc_auc_train: 0.663051225957524, TN_train: 7029, FP_train: 4081, FN_train: 4426, TP_train: 6576
ACC: 0.6182377419938484, FPR: 0.35252860834256183, Pre: 0.6352177234530175, MCC: 0.23788998303253828, roc_auc: 0.6715554125105678, prc_auc: 0.6766798953645279, TN: 1754, FP: 955, FN: 1155, TP: 1663
Trial 32 finished with value: 0.6766798953645279 and parameters: {'C': 2, 'gamma': 0.0007000000000000001}. Best is trial 16 with value: 0.7092134530597741.
ACC_train: 0.6395622286541245, FPR_train: 0.3564356435643564, Pre_train: 0.6384222059897735, MCC_train: 0.2790941900577768, roc_auc_train: 0.6974801979379905, prc_auc_train: 0.6874591891978505, TN_train: 7150, FP_train: 3960, FN_train: 4010, TP_train: 6992
ACC: 0.6321693504613715, FPR: 0.35437430786268, Pre: 0.6451016635859519, MCC: 0.26486703245777554, roc_auc: 0.6954139279184256, prc_auc: 0.6952053729141511, TN: 1749, FP: 960, FN: 1073, TP: 1745
Trial 33 finished with value: 0.6952053729141511 and parameters: {'C': 22, 'gamma': 0.0004}. Best is trial 16 with value: 0.7092134530597741.
ACC_train: 0.6431349493487699, FPR_train: 0.354005400540054, Pre_train: 0.6417053839846952, MCC_train: 0.2862457205370787, roc_auc_train: 0.7034813447714523, prc_auc_train: 0.6927127601825791, TN_train: 7177, FP_train: 3933, FN_train: 3958, TP_train: 7044
ACC: 0.636692599963814, FPR: 0.35252860834256183, Pre: 0.6488970588235294, MCC: 0.2737827927731261, roc_auc: 0.6997577404760464, prc_auc: 0.6993709497502804, TN: 1754, FP: 955, FN: 1053, TP: 1765
Trial 34 finished with value: 0.6993709497502804 and parameters: {'C': 11, 'gamma': 0.001}. Best is trial 16 with value: 0.7092134530597741.
ACC_train: 0.6359895079594791, FPR_train: 0.3574257425742574, Pre_train: 0.6355208811381368, MCC_train: 0.27193996915614155, roc_auc_train: 0.6936335934993245, prc_auc_train: 0.6850066660211647, TN_train: 7139, FP_train: 3971, FN_train: 4078, TP_train: 6924
ACC: 0.6272842409987335, FPR: 0.3584348468069398, Pre: 0.6403703703703704, MCC: 0.25513861390927756, roc_auc: 0.6925056084900605, prc_auc: 0.6937133609117682, TN: 1738, FP: 971, FN: 1089, TP: 1729
